

Microchip MPLAB XC8 Assembler V2.45 build 20230818022343 
                                                                                               Mon Jan 22 11:55:22 2024

Microchip MPLAB XC8 C Compiler v2.45 (Free license) build 20230818022343 Og1 
     1                           	processor	16F1719
     2                           	pagewidth 120
     3                           	opt	flic
     4                           	psect	cinit,global,class=CODE,merge=1,delta=2
     5                           	psect	bssCOMMON,global,class=COMMON,space=1,delta=1,noexec
     6                           	psect	cstackCOMMON,global,class=COMMON,space=1,delta=1,noexec
     7                           	psect	cstackBANK0,global,class=BANK0,space=1,delta=1,noexec
     8                           	psect	maintext,global,class=CODE,merge=1,split=1,delta=2
     9                           	psect	text1,local,class=CODE,merge=1,delta=2
    10                           	psect	intentry,global,class=CODE,delta=2
    11                           	psect	text3,local,class=CODE,merge=1,delta=2
    12                           	psect	text4,local,class=CODE,merge=1,delta=2,group=1
    13                           	psect	config,global,abs,ovrld,class=CONFIG,space=4,delta=2,noexec
    14                           	dabs	1,0x7E,2
    15     0000                     
    16                           ; Generated 06/07/2023 GMT
    17                           ; 
    18                           ; Copyright © 2023, Microchip Technology Inc. and its subsidiaries ("Microchip")
    19                           ; All rights reserved.
    20                           ; 
    21                           ; This software is developed by Microchip Technology Inc. and its subsidiaries ("Microch
      +                          ip").
    22                           ; 
    23                           ; Redistribution and use in source and binary forms, with or without modification, are
    24                           ; permitted provided that the following conditions are met:
    25                           ; 
    26                           ;     1. Redistributions of source code must retain the above copyright notice, this lis
      +                          t of
    27                           ;        conditions and the following disclaimer.
    28                           ; 
    29                           ;     2. Redistributions in binary form must reproduce the above copyright notice, this 
      +                          list
    30                           ;        of conditions and the following disclaimer in the documentation and/or other
    31                           ;        materials provided with the distribution. Publication is not required when
    32                           ;        this file is used in an embedded application.
    33                           ; 
    34                           ;     3. Microchip's name may not be used to endorse or promote products derived from th
      +                          is
    35                           ;        software without specific prior written permission.
    36                           ; 
    37                           ; THIS SOFTWARE IS PROVIDED BY MICROCHIP "AS IS" AND ANY EXPRESS OR IMPLIED WARRANTIES,
    38                           ; INCLUDING, BUT NOT LIMITED TO, THE IMPLIED WARRANTIES OF MERCHANTABILITY AND FITNESS F
      +                          OR
    39                           ; PURPOSE ARE DISCLAIMED.  IN NO EVENT SHALL MICROCHIP BE LIABLE FOR ANY DIRECT, INDIREC
      +                          T,
    40                           ; INCIDENTAL, SPECIAL, EXEMPLARY, OR CONSEQUENTIAL DAMAGES (INCLUDING BUT NOT LIMITED TO
    41                           ; PROCUREMENT OF SUBSTITUTE GOODS OR SERVICES; LOSS OF USE, DATA OR PROFITS; OR BUSINESS
    42                           ; INTERRUPTION) HOWSOEVER CAUSED AND ON ANY THEORY OF LIABILITY, WHETHER IN CONTRACT, ST
      +                          RICT
    43                           ; LIABILITY, OR TORT (INCLUDING NEGLIGENCE OR OTHERWISE) ARISING IN ANY WAY OUT OF THE U
      +                          SE OF
    44                           ; THIS SOFTWARE, EVEN IF ADVISED OF THE POSSIBILITY OF SUCH DAMAGE.
    45                           ; 
    46                           ; 
    47                           ; Code-generator required, PIC16F1719 Definitions
    48                           ; 
    49                           ; SFR Addresses
    50     0000                     	;# 
    51     0001                     	;# 
    52     0002                     	;# 
    53     0003                     	;# 
    54     0004                     	;# 
    55     0005                     	;# 
    56     0006                     	;# 
    57     0007                     	;# 
    58     0008                     	;# 
    59     0009                     	;# 
    60     000A                     	;# 
    61     000B                     	;# 
    62     000C                     	;# 
    63     000D                     	;# 
    64     000E                     	;# 
    65     000F                     	;# 
    66     0010                     	;# 
    67     0011                     	;# 
    68     0012                     	;# 
    69     0013                     	;# 
    70     0015                     	;# 
    71     0016                     	;# 
    72     0016                     	;# 
    73     0017                     	;# 
    74     0018                     	;# 
    75     0019                     	;# 
    76     001A                     	;# 
    77     001B                     	;# 
    78     001C                     	;# 
    79     008C                     	;# 
    80     008D                     	;# 
    81     008E                     	;# 
    82     008F                     	;# 
    83     0090                     	;# 
    84     0091                     	;# 
    85     0092                     	;# 
    86     0093                     	;# 
    87     0095                     	;# 
    88     0096                     	;# 
    89     0097                     	;# 
    90     0098                     	;# 
    91     0099                     	;# 
    92     009A                     	;# 
    93     009B                     	;# 
    94     009B                     	;# 
    95     009C                     	;# 
    96     009D                     	;# 
    97     009E                     	;# 
    98     009F                     	;# 
    99     010C                     	;# 
   100     010D                     	;# 
   101     010E                     	;# 
   102     010F                     	;# 
   103     0110                     	;# 
   104     0111                     	;# 
   105     0112                     	;# 
   106     0113                     	;# 
   107     0114                     	;# 
   108     0115                     	;# 
   109     0116                     	;# 
   110     0117                     	;# 
   111     0118                     	;# 
   112     0119                     	;# 
   113     011A                     	;# 
   114     011B                     	;# 
   115     011B                     	;# 
   116     011C                     	;# 
   117     018C                     	;# 
   118     018D                     	;# 
   119     018E                     	;# 
   120     018F                     	;# 
   121     0190                     	;# 
   122     0191                     	;# 
   123     0191                     	;# 
   124     0192                     	;# 
   125     0193                     	;# 
   126     0193                     	;# 
   127     0194                     	;# 
   128     0195                     	;# 
   129     0196                     	;# 
   130     0197                     	;# 
   131     0199                     	;# 
   132     0199                     	;# 
   133     0199                     	;# 
   134     019A                     	;# 
   135     019A                     	;# 
   136     019A                     	;# 
   137     019B                     	;# 
   138     019B                     	;# 
   139     019B                     	;# 
   140     019B                     	;# 
   141     019B                     	;# 
   142     019C                     	;# 
   143     019C                     	;# 
   144     019C                     	;# 
   145     019D                     	;# 
   146     019D                     	;# 
   147     019D                     	;# 
   148     019E                     	;# 
   149     019E                     	;# 
   150     019E                     	;# 
   151     019F                     	;# 
   152     019F                     	;# 
   153     019F                     	;# 
   154     019F                     	;# 
   155     019F                     	;# 
   156     020C                     	;# 
   157     020D                     	;# 
   158     020E                     	;# 
   159     020F                     	;# 
   160     0210                     	;# 
   161     0211                     	;# 
   162     0211                     	;# 
   163     0212                     	;# 
   164     0212                     	;# 
   165     0213                     	;# 
   166     0213                     	;# 
   167     0214                     	;# 
   168     0214                     	;# 
   169     0215                     	;# 
   170     0215                     	;# 
   171     0215                     	;# 
   172     0215                     	;# 
   173     0216                     	;# 
   174     0216                     	;# 
   175     0217                     	;# 
   176     0217                     	;# 
   177     028C                     	;# 
   178     028D                     	;# 
   179     028E                     	;# 
   180     028F                     	;# 
   181     0290                     	;# 
   182     0291                     	;# 
   183     0291                     	;# 
   184     0292                     	;# 
   185     0293                     	;# 
   186     0293                     	;# 
   187     0298                     	;# 
   188     0298                     	;# 
   189     0299                     	;# 
   190     029A                     	;# 
   191     029A                     	;# 
   192     029E                     	;# 
   193     030C                     	;# 
   194     030D                     	;# 
   195     030E                     	;# 
   196     030F                     	;# 
   197     0310                     	;# 
   198     038C                     	;# 
   199     038D                     	;# 
   200     038E                     	;# 
   201     038F                     	;# 
   202     0390                     	;# 
   203     0391                     	;# 
   204     0392                     	;# 
   205     0393                     	;# 
   206     0394                     	;# 
   207     0395                     	;# 
   208     0396                     	;# 
   209     0397                     	;# 
   210     0398                     	;# 
   211     0399                     	;# 
   212     039D                     	;# 
   213     039E                     	;# 
   214     039F                     	;# 
   215     0415                     	;# 
   216     0416                     	;# 
   217     0417                     	;# 
   218     041C                     	;# 
   219     041D                     	;# 
   220     041E                     	;# 
   221     0498                     	;# 
   222     0498                     	;# 
   223     0499                     	;# 
   224     049A                     	;# 
   225     049B                     	;# 
   226     049B                     	;# 
   227     049C                     	;# 
   228     049D                     	;# 
   229     049E                     	;# 
   230     049F                     	;# 
   231     0511                     	;# 
   232     0515                     	;# 
   233     0617                     	;# 
   234     0618                     	;# 
   235     0619                     	;# 
   236     0619                     	;# 
   237     061A                     	;# 
   238     061B                     	;# 
   239     061C                     	;# 
   240     061C                     	;# 
   241     0691                     	;# 
   242     0692                     	;# 
   243     0693                     	;# 
   244     0694                     	;# 
   245     0695                     	;# 
   246     0696                     	;# 
   247     0697                     	;# 
   248     0698                     	;# 
   249     0699                     	;# 
   250     069A                     	;# 
   251     069B                     	;# 
   252     069C                     	;# 
   253     069D                     	;# 
   254     069E                     	;# 
   255     069F                     	;# 
   256     0E0F                     	;# 
   257     0E10                     	;# 
   258     0E11                     	;# 
   259     0E12                     	;# 
   260     0E13                     	;# 
   261     0E14                     	;# 
   262     0E15                     	;# 
   263     0E17                     	;# 
   264     0E20                     	;# 
   265     0E21                     	;# 
   266     0E22                     	;# 
   267     0E24                     	;# 
   268     0E25                     	;# 
   269     0E28                     	;# 
   270     0E29                     	;# 
   271     0E2A                     	;# 
   272     0E2B                     	;# 
   273     0E90                     	;# 
   274     0E91                     	;# 
   275     0E92                     	;# 
   276     0E93                     	;# 
   277     0E94                     	;# 
   278     0E95                     	;# 
   279     0E96                     	;# 
   280     0E97                     	;# 
   281     0E98                     	;# 
   282     0E99                     	;# 
   283     0E9A                     	;# 
   284     0E9B                     	;# 
   285     0E9C                     	;# 
   286     0E9D                     	;# 
   287     0E9E                     	;# 
   288     0E9F                     	;# 
   289     0EA0                     	;# 
   290     0EA1                     	;# 
   291     0EA2                     	;# 
   292     0EA3                     	;# 
   293     0EA4                     	;# 
   294     0EA5                     	;# 
   295     0EA6                     	;# 
   296     0EA7                     	;# 
   297     0EA8                     	;# 
   298     0EA9                     	;# 
   299     0EAA                     	;# 
   300     0EAB                     	;# 
   301     0EAC                     	;# 
   302     0EAD                     	;# 
   303     0EAE                     	;# 
   304     0EAF                     	;# 
   305     0EB0                     	;# 
   306     0EB1                     	;# 
   307     0EB2                     	;# 
   308     0F0F                     	;# 
   309     0F10                     	;# 
   310     0F11                     	;# 
   311     0F12                     	;# 
   312     0F13                     	;# 
   313     0F14                     	;# 
   314     0F15                     	;# 
   315     0F16                     	;# 
   316     0F17                     	;# 
   317     0F18                     	;# 
   318     0F19                     	;# 
   319     0F1A                     	;# 
   320     0F1B                     	;# 
   321     0F1C                     	;# 
   322     0F1D                     	;# 
   323     0F1E                     	;# 
   324     0F1F                     	;# 
   325     0F20                     	;# 
   326     0F21                     	;# 
   327     0F22                     	;# 
   328     0F23                     	;# 
   329     0F24                     	;# 
   330     0F25                     	;# 
   331     0F26                     	;# 
   332     0F27                     	;# 
   333     0F28                     	;# 
   334     0F29                     	;# 
   335     0F2A                     	;# 
   336     0F2B                     	;# 
   337     0F2C                     	;# 
   338     0F2D                     	;# 
   339     0F2E                     	;# 
   340     0F2F                     	;# 
   341     0F30                     	;# 
   342     0F31                     	;# 
   343     0F32                     	;# 
   344     0F33                     	;# 
   345     0F34                     	;# 
   346     0F35                     	;# 
   347     0F36                     	;# 
   348     0F37                     	;# 
   349     0FE4                     	;# 
   350     0FE5                     	;# 
   351     0FE6                     	;# 
   352     0FE7                     	;# 
   353     0FE8                     	;# 
   354     0FE9                     	;# 
   355     0FEA                     	;# 
   356     0FEB                     	;# 
   357     0FED                     	;# 
   358     0FEE                     	;# 
   359     0FEF                     	;# 
   360     001B                     _PR2	set	27
   361     000B                     _INTCONbits	set	11
   362     001C                     _T2CONbits	set	28
   363     0011                     _PIR1bits	set	17
   364     000D                     _PORTBbits	set	13
   365     000F                     _PORTDbits	set	15
   366     0091                     _PIE1bits	set	145
   367     008D                     _TRISBbits	set	141
   368     008F                     _TRISDbits	set	143
   369                           
   370                           	psect	cinit
   371     0029                     start_initialization:	
   372                           ; #config settings
   373                           
   374     0029                     __initialization:
   375                           
   376                           ; Clear objects allocated to COMMON
   377     0029  01F7               	clrf	__pbssCOMMON& (0+127)
   378     002A  01F8               	clrf	(__pbssCOMMON+1)& (0+127)
   379     002B                     end_of_initialization:	
   380                           ;End of C runtime variable initialization code
   381                           
   382     002B                     __end_of__initialization:
   383     002B  107E               	bcf	int$flags,0	;clear compiler interrupt flag (level 1)
   384     002C  0020               	movlb	0
   385     002D  3180  28D4         	ljmp	_main	;jump to C main() function
   386                           
   387                           	psect	bssCOMMON
   388     0077                     __pbssCOMMON:
   389     0077                     _tick_count:
   390     0077                     	ds	2
   391                           
   392                           	psect	cstackCOMMON
   393     0070                     __pcstackCOMMON:
   394     0070                     ?_init_leds:
   395     0070                     ?_modif_led:	
   396                           ; 1 bytes @ 0x0
   397                           
   398     0070                     ??_modif_led:	
   399                           ; 1 bytes @ 0x0
   400                           
   401     0070                     ?_isr:	
   402                           ; 1 bytes @ 0x0
   403                           
   404     0070                     ?_main:	
   405                           ; 1 bytes @ 0x0
   406                           
   407     0070                     ?___awmod:	
   408                           ; 1 bytes @ 0x0
   409                           
   410     0070                     ___awmod@divisor:	
   411                           ; 2 bytes @ 0x0
   412                           
   413                           
   414                           ; 2 bytes @ 0x0
   415     0070                     	ds	2
   416     0072                     ___awmod@dividend:
   417                           
   418                           ; 2 bytes @ 0x2
   419     0072                     	ds	2
   420     0074                     ??___awmod:
   421                           
   422                           ; 1 bytes @ 0x4
   423     0074                     	ds	1
   424     0075                     ___awmod@counter:
   425                           
   426                           ; 1 bytes @ 0x5
   427     0075                     	ds	1
   428     0076                     ___awmod@sign:
   429                           
   430                           ; 1 bytes @ 0x6
   431     0076                     	ds	1
   432     0077                     ??_isr:
   433                           
   434                           	psect	cstackBANK0
   435     0000                     __pcstackBANK0:	
   436                           ; 1 bytes @ 0x7
   437                           
   438     0000                     ??_init_leds:
   439     0000                     ??_main:	
   440                           ; 1 bytes @ 0x0
   441                           
   442                           
   443                           	psect	maintext
   444     00D4                     __pmaintext:	
   445                           ; 1 bytes @ 0x0
   446 ;;
   447 ;;Main: autosize = 0, tempsize = 0, incstack = 0, save=0
   448 ;;
   449 ;; *************** function _main *****************
   450 ;; Defined at:
   451 ;;		line 92 in file "main.c"
   452 ;; Parameters:    Size  Location     Type
   453 ;;		None
   454 ;; Auto vars:     Size  Location     Type
   455 ;;		None
   456 ;; Return value:  Size  Location     Type
   457 ;;                  1    wreg      void 
   458 ;; Registers used:
   459 ;;		wreg, status,2, status,0, pclath, cstack
   460 ;; Tracked objects:
   461 ;;		On entry : B1F/0
   462 ;;		On exit  : 0/0
   463 ;;		Unchanged: 0/0
   464 ;; Data sizes:     COMMON   BANK0   BANK1   BANK2   BANK3   BANK4   BANK5   BANK6   BANK7   BANK8   BANK9  BANK10  BANK1
      +1  BANK12  BANK13  BANK14  BANK15  BANK16  BANK17  BANK18  BANK19  BANK20  BANK21  BANK22  BANK23  BANK24  BANK25
   465 ;;      Params:         0       0       0       0       0       0       0       0       0       0       0       0       
      +0       0       0       0       0       0       0       0       0       0       0       0       0       0       0
   466 ;;      Locals:         0       0       0       0       0       0       0       0       0       0       0       0       
      +0       0       0       0       0       0       0       0       0       0       0       0       0       0       0
   467 ;;      Temps:          0       0       0       0       0       0       0       0       0       0       0       0       
      +0       0       0       0       0       0       0       0       0       0       0       0       0       0       0
   468 ;;      Totals:         0       0       0       0       0       0       0       0       0       0       0       0       
      +0       0       0       0       0       0       0       0       0       0       0       0       0       0       0
   469 ;;Total ram usage:        0 bytes
   470 ;; Hardware stack levels required when called: 3
   471 ;; This function calls:
   472 ;;		_init_leds
   473 ;; This function is called by:
   474 ;;		Startup code after reset
   475 ;; This function uses a non-reentrant model
   476 ;;
   477                           
   478     00D4                     _main:	
   479                           ;psect for function _main
   480                           
   481     00D4                     l879:	
   482                           ;incstack = 0
   483                           ; Regs used in _main: [wreg+status,2+status,0+pclath+cstack]
   484                           
   485                           
   486                           ;main.c: 94:     init_leds();
   487     00D4  3180  20EA  3180   	fcall	_init_leds
   488     00D7                     l881:
   489                           
   490                           ;main.c: 95:     T2CONbits.TMR2ON = 1;
   491     00D7  0020               	movlb	0	; select bank0
   492     00D8  151C               	bsf	28,2	;volatile
   493     00D9                     l883:
   494                           
   495                           ;main.c: 96:     T2CONbits.T2OUTPS = 7;
   496     00D9  081C               	movf	28,w	;volatile
   497     00DA  3987               	andlw	-121
   498     00DB  3838               	iorlw	56
   499     00DC  009C               	movwf	28	;volatile
   500     00DD                     l885:
   501                           
   502                           ;main.c: 97:     T2CONbits.T2CKPS = 0;
   503     00DD  30FC               	movlw	-4
   504     00DE  059C               	andwf	28,f	;volatile
   505     00DF                     l887:
   506                           
   507                           ;main.c: 99:     INTCONbits.GIE = 1;
   508     00DF  178B               	bsf	11,7	;volatile
   509     00E0                     l889:
   510                           
   511                           ;main.c: 100:     INTCONbits.PEIE = 1;
   512     00E0  170B               	bsf	11,6	;volatile
   513     00E1                     l891:
   514                           
   515                           ;main.c: 101:     PIE1bits.TMR2IE = 1;
   516     00E1  0021               	movlb	1	; select bank1
   517     00E2  1491               	bsf	17,1	;volatile
   518     00E3                     l893:
   519                           
   520                           ;main.c: 102:     PIR1bits.TMR2IF = 1;
   521     00E3  0020               	movlb	0	; select bank0
   522     00E4  1491               	bsf	17,1	;volatile
   523     00E5                     l895:
   524                           
   525                           ;main.c: 105:     PR2 = 249;
   526     00E5  30F9               	movlw	249
   527     00E6  009B               	movwf	27	;volatile
   528     00E7                     l48:	
   529                           ;main.c: 106:     while(1){
   530                           
   531     00E7                     l49:	
   532                           ;main.c: 109:     }
   533                           
   534     00E7  28E7               	goto	l48
   535     00E8  3180  2827         	ljmp	start
   536     00EA                     __end_of_main:
   537                           
   538                           	psect	text1
   539     00EA                     __ptext1:	
   540 ;; *************** function _init_leds *****************
   541 ;; Defined at:
   542 ;;		line 32 in file "main.c"
   543 ;; Parameters:    Size  Location     Type
   544 ;;		None
   545 ;; Auto vars:     Size  Location     Type
   546 ;;		None
   547 ;; Return value:  Size  Location     Type
   548 ;;                  1    wreg      void 
   549 ;; Registers used:
   550 ;;		None
   551 ;; Tracked objects:
   552 ;;		On entry : 0/0
   553 ;;		On exit  : 0/0
   554 ;;		Unchanged: 0/0
   555 ;; Data sizes:     COMMON   BANK0   BANK1   BANK2   BANK3   BANK4   BANK5   BANK6   BANK7   BANK8   BANK9  BANK10  BANK1
      +1  BANK12  BANK13  BANK14  BANK15  BANK16  BANK17  BANK18  BANK19  BANK20  BANK21  BANK22  BANK23  BANK24  BANK25
   556 ;;      Params:         0       0       0       0       0       0       0       0       0       0       0       0       
      +0       0       0       0       0       0       0       0       0       0       0       0       0       0       0
   557 ;;      Locals:         0       0       0       0       0       0       0       0       0       0       0       0       
      +0       0       0       0       0       0       0       0       0       0       0       0       0       0       0
   558 ;;      Temps:          0       0       0       0       0       0       0       0       0       0       0       0       
      +0       0       0       0       0       0       0       0       0       0       0       0       0       0       0
   559 ;;      Totals:         0       0       0       0       0       0       0       0       0       0       0       0       
      +0       0       0       0       0       0       0       0       0       0       0       0       0       0       0
   560 ;;Total ram usage:        0 bytes
   561 ;; Hardware stack levels used: 1
   562 ;; Hardware stack levels required when called: 2
   563 ;; This function calls:
   564 ;;		Nothing
   565 ;; This function is called by:
   566 ;;		_main
   567 ;; This function uses a non-reentrant model
   568 ;;
   569                           
   570     00EA                     _init_leds:	
   571                           ;psect for function _init_leds
   572                           
   573     00EA                     l877:	
   574                           ;incstack = 0
   575                           ; Regs used in _init_leds: []
   576                           
   577                           
   578                           ;main.c: 33:     TRISDbits.TRISD0 = 0;
   579     00EA  0021               	movlb	1	; select bank1
   580     00EB  100F               	bcf	15,0	;volatile
   581                           
   582                           ;main.c: 34:     TRISDbits.TRISD1 = 0;
   583     00EC  108F               	bcf	15,1	;volatile
   584                           
   585                           ;main.c: 35:     TRISDbits.TRISD2 = 0;
   586     00ED  110F               	bcf	15,2	;volatile
   587                           
   588                           ;main.c: 36:     TRISDbits.TRISD3 = 0;
   589     00EE  118F               	bcf	15,3	;volatile
   590                           
   591                           ;main.c: 37:     TRISBbits.TRISB0 = 0;
   592     00EF  100D               	bcf	13,0	;volatile
   593                           
   594                           ;main.c: 38:     TRISBbits.TRISB1 = 0;
   595     00F0  108D               	bcf	13,1	;volatile
   596                           
   597                           ;main.c: 39:     TRISBbits.TRISB2 = 0;
   598     00F1  110D               	bcf	13,2	;volatile
   599                           
   600                           ;main.c: 40:     TRISBbits.TRISB3 = 0;
   601     00F2  118D               	bcf	13,3	;volatile
   602                           
   603                           ;main.c: 41:     PORTDbits.RD0 = 1;
   604     00F3  0020               	movlb	0	; select bank0
   605     00F4  140F               	bsf	15,0	;volatile
   606     00F5                     l23:
   607     00F5  0008               	return
   608     00F6                     __end_of_init_leds:
   609                           
   610                           	psect	intentry
   611     0004                     __pintentry:	
   612 ;; *************** function _isr *****************
   613 ;; Defined at:
   614 ;;		line 82 in file "main.c"
   615 ;; Parameters:    Size  Location     Type
   616 ;;		None
   617 ;; Auto vars:     Size  Location     Type
   618 ;;		None
   619 ;; Return value:  Size  Location     Type
   620 ;;                  1    wreg      void 
   621 ;; Registers used:
   622 ;;		wreg, fsr0l, fsr0h, status,2, status,0, pclath, cstack
   623 ;; Tracked objects:
   624 ;;		On entry : 0/0
   625 ;;		On exit  : 0/0
   626 ;;		Unchanged: 0/0
   627 ;; Data sizes:     COMMON   BANK0   BANK1   BANK2   BANK3   BANK4   BANK5   BANK6   BANK7   BANK8   BANK9  BANK10  BANK1
      +1  BANK12  BANK13  BANK14  BANK15  BANK16  BANK17  BANK18  BANK19  BANK20  BANK21  BANK22  BANK23  BANK24  BANK25
   628 ;;      Params:         0       0       0       0       0       0       0       0       0       0       0       0       
      +0       0       0       0       0       0       0       0       0       0       0       0       0       0       0
   629 ;;      Locals:         0       0       0       0       0       0       0       0       0       0       0       0       
      +0       0       0       0       0       0       0       0       0       0       0       0       0       0       0
   630 ;;      Temps:          0       0       0       0       0       0       0       0       0       0       0       0       
      +0       0       0       0       0       0       0       0       0       0       0       0       0       0       0
   631 ;;      Totals:         0       0       0       0       0       0       0       0       0       0       0       0       
      +0       0       0       0       0       0       0       0       0       0       0       0       0       0       0
   632 ;;Total ram usage:        0 bytes
   633 ;; Hardware stack levels used: 1
   634 ;; Hardware stack levels required when called: 1
   635 ;; This function calls:
   636 ;;		___awmod
   637 ;;		_modif_led
   638 ;; This function is called by:
   639 ;;		Interrupt level 1
   640 ;; This function uses a non-reentrant model
   641 ;;
   642                           
   643     0004                     _isr:
   644                           
   645                           ;incstack = 0
   646     0004  147E               	bsf	int$flags,0	;set compiler interrupt flag (level 1)
   647                           
   648                           ; Regs used in _isr: [wreg-fsr0h+status,2+status,0+pclath+cstack]
   649     0005  3180               	pagesel	$
   650     0006                     i1l787:
   651                           
   652                           ;main.c: 83:     if (PIR1bits.TMR2IF == 1) {
   653     0006  0020               	movlb	0	; select bank0
   654     0007  1C91               	btfss	17,1	;volatile
   655     0008  280A               	goto	u21_21
   656     0009  280B               	goto	u21_20
   657     000A                     u21_21:
   658     000A  2825               	goto	i1l43
   659     000B                     u21_20:
   660     000B                     i1l789:
   661                           
   662                           ;main.c: 84:         tick_count++;
   663     000B  3001               	movlw	1
   664     000C  07F7               	addwf	_tick_count,f
   665     000D  3000               	movlw	0
   666     000E  3DF8               	addwfc	_tick_count+1,f
   667     000F                     i1l791:
   668                           
   669                           ;main.c: 85:         if (!(tick_count % 125)) {
   670     000F  307D               	movlw	125
   671     0010  00F0               	movwf	___awmod@divisor
   672     0011  3000               	movlw	0
   673     0012  00F1               	movwf	___awmod@divisor+1
   674     0013  0878               	movf	_tick_count+1,w
   675     0014  00F3               	movwf	___awmod@dividend+1
   676     0015  0877               	movf	_tick_count,w
   677     0016  00F2               	movwf	___awmod@dividend
   678     0017  3180  202F  3180   	fcall	___awmod
   679     001A  0870               	movf	?___awmod,w
   680     001B  0471               	iorwf	?___awmod+1,w
   681     001C  1D03               	btfss	3,2
   682     001D  281F               	goto	u22_21
   683     001E  2820               	goto	u22_20
   684     001F                     u22_21:
   685     001F  2823               	goto	i1l795
   686     0020                     u22_20:
   687     0020                     i1l793:
   688                           
   689                           ;main.c: 86:             modif_led();
   690     0020  3180  2082  3180   	fcall	_modif_led
   691     0023                     i1l795:
   692                           
   693                           ;main.c: 88:         PIR1bits.TMR2IF = 0;
   694     0023  0020               	movlb	0	; select bank0
   695     0024  1091               	bcf	17,1	;volatile
   696     0025                     i1l43:
   697     0025  107E               	bcf	int$flags,0	;clear compiler interrupt flag (level 1)
   698     0026  0009               	retfie
   699     0027                     __end_of_isr:
   700                           
   701                           	psect	text3
   702     0082                     __ptext3:	
   703 ;; *************** function _modif_led *****************
   704 ;; Defined at:
   705 ;;		line 44 in file "main.c"
   706 ;; Parameters:    Size  Location     Type
   707 ;;		None
   708 ;; Auto vars:     Size  Location     Type
   709 ;;		None
   710 ;; Return value:  Size  Location     Type
   711 ;;                  1    wreg      void 
   712 ;; Registers used:
   713 ;;		wreg, fsr0l, fsr0h, status,2, status,0
   714 ;; Tracked objects:
   715 ;;		On entry : 0/0
   716 ;;		On exit  : 0/0
   717 ;;		Unchanged: 0/0
   718 ;; Data sizes:     COMMON   BANK0   BANK1   BANK2   BANK3   BANK4   BANK5   BANK6   BANK7   BANK8   BANK9  BANK10  BANK1
      +1  BANK12  BANK13  BANK14  BANK15  BANK16  BANK17  BANK18  BANK19  BANK20  BANK21  BANK22  BANK23  BANK24  BANK25
   719 ;;      Params:         0       0       0       0       0       0       0       0       0       0       0       0       
      +0       0       0       0       0       0       0       0       0       0       0       0       0       0       0
   720 ;;      Locals:         0       0       0       0       0       0       0       0       0       0       0       0       
      +0       0       0       0       0       0       0       0       0       0       0       0       0       0       0
   721 ;;      Temps:          0       0       0       0       0       0       0       0       0       0       0       0       
      +0       0       0       0       0       0       0       0       0       0       0       0       0       0       0
   722 ;;      Totals:         0       0       0       0       0       0       0       0       0       0       0       0       
      +0       0       0       0       0       0       0       0       0       0       0       0       0       0       0
   723 ;;Total ram usage:        0 bytes
   724 ;; Hardware stack levels used: 1
   725 ;; This function calls:
   726 ;;		Nothing
   727 ;; This function is called by:
   728 ;;		_isr
   729 ;; This function uses a non-reentrant model
   730 ;;
   731                           
   732     0082                     _modif_led:	
   733                           ;psect for function _modif_led
   734                           
   735     0082                     i1l579:	
   736                           ;incstack = 0
   737                           ; Regs used in _modif_led: [wreg-fsr0h+status,2+status,0]
   738                           
   739                           
   740                           ;main.c: 45:     switch(tick_count) {
   741     0082  28A5               	goto	i1l585
   742     0083                     i1l27:	
   743                           ;main.c: 46:         case 125:
   744                           
   745                           
   746                           ;main.c: 47:             PORTDbits.RD0 = 0;
   747     0083  0020               	movlb	0	; select bank0
   748     0084  100F               	bcf	15,0	;volatile
   749                           
   750                           ;main.c: 48:             PORTDbits.RD1 = 1;
   751     0085  148F               	bsf	15,1	;volatile
   752                           
   753                           ;main.c: 49:             break;
   754     0086  28D3               	goto	i1l36
   755     0087                     i1l29:	
   756                           ;main.c: 50:         case 250:
   757                           
   758                           
   759                           ;main.c: 51:             PORTDbits.RD1 = 0;
   760     0087  0020               	movlb	0	; select bank0
   761     0088  108F               	bcf	15,1	;volatile
   762                           
   763                           ;main.c: 52:             PORTDbits.RD2 = 1;
   764     0089  150F               	bsf	15,2	;volatile
   765                           
   766                           ;main.c: 53:             break;
   767     008A  28D3               	goto	i1l36
   768     008B                     i1l30:	
   769                           ;main.c: 54:         case 375:
   770                           
   771                           
   772                           ;main.c: 55:             PORTDbits.RD2 = 0;
   773     008B  0020               	movlb	0	; select bank0
   774     008C  110F               	bcf	15,2	;volatile
   775                           
   776                           ;main.c: 56:             PORTDbits.RD3 = 1;
   777     008D  158F               	bsf	15,3	;volatile
   778                           
   779                           ;main.c: 57:             break;
   780     008E  28D3               	goto	i1l36
   781     008F                     i1l31:	
   782                           ;main.c: 58:         case 500:
   783                           
   784                           
   785                           ;main.c: 59:             PORTDbits.RD3 = 0;
   786     008F  0020               	movlb	0	; select bank0
   787     0090  118F               	bcf	15,3	;volatile
   788                           
   789                           ;main.c: 60:             PORTBbits.RB0 = 1;
   790     0091  140D               	bsf	13,0	;volatile
   791                           
   792                           ;main.c: 61:             break;
   793     0092  28D3               	goto	i1l36
   794     0093                     i1l32:	
   795                           ;main.c: 62:         case 625:
   796                           
   797                           
   798                           ;main.c: 63:             PORTBbits.RB0 = 0;
   799     0093  0020               	movlb	0	; select bank0
   800     0094  100D               	bcf	13,0	;volatile
   801                           
   802                           ;main.c: 64:             PORTBbits.RB1 = 1;
   803     0095  148D               	bsf	13,1	;volatile
   804                           
   805                           ;main.c: 65:             break;
   806     0096  28D3               	goto	i1l36
   807     0097                     i1l33:	
   808                           ;main.c: 66:         case 750:
   809                           
   810                           
   811                           ;main.c: 67:             PORTBbits.RB1 = 0;
   812     0097  0020               	movlb	0	; select bank0
   813     0098  108D               	bcf	13,1	;volatile
   814                           
   815                           ;main.c: 68:             PORTBbits.RB2 = 1;
   816     0099  150D               	bsf	13,2	;volatile
   817                           
   818                           ;main.c: 69:             break;
   819     009A  28D3               	goto	i1l36
   820     009B                     i1l34:	
   821                           ;main.c: 70:         case 875:
   822                           
   823                           
   824                           ;main.c: 71:             PORTBbits.RB2 = 0;
   825     009B  0020               	movlb	0	; select bank0
   826     009C  110D               	bcf	13,2	;volatile
   827                           
   828                           ;main.c: 72:             PORTBbits.RB3 = 1;
   829     009D  158D               	bsf	13,3	;volatile
   830                           
   831                           ;main.c: 73:             break;
   832     009E  28D3               	goto	i1l36
   833     009F                     i1l35:	
   834                           ;main.c: 74:         case 1000:
   835                           
   836                           
   837                           ;main.c: 75:             PORTBbits.RB3 = 0;
   838     009F  0020               	movlb	0	; select bank0
   839     00A0  118D               	bcf	13,3	;volatile
   840                           
   841                           ;main.c: 76:             PORTDbits.RD0 = 1;
   842     00A1  140F               	bsf	15,0	;volatile
   843     00A2                     i1l581:
   844                           
   845                           ;main.c: 77:             tick_count = 0;
   846     00A2  01F7               	clrf	_tick_count
   847     00A3  01F8               	clrf	_tick_count+1
   848                           
   849                           ;main.c: 78:             break;
   850     00A4  28D3               	goto	i1l36
   851     00A5                     i1l585:
   852                           
   853                           ; Switch on 2 bytes has been partitioned into a top level switch of size 1, and 4 sub-sw
      +                          itches
   854                           ; Switch size 1, requested type "simple"
   855                           ; Number of cases is 4, Range of values is 0 to 3
   856                           ; switch strategies available:
   857                           ; Name         Instructions Cycles
   858                           ; simple_byte           13     7 (average)
   859                           ; direct_byte           14     6 (fixed)
   860                           ; jumptable            260     6 (fixed)
   861                           ;	Chosen strategy is simple_byte
   862     00A5  0878               	movf	_tick_count+1,w
   863     00A6  3A00               	xorlw	0	; case 0
   864     00A7  1903               	skipnz
   865     00A8  28B3               	goto	i1l977
   866     00A9  3A01               	xorlw	1	; case 1
   867     00AA  1903               	skipnz
   868     00AB  28BB               	goto	i1l979
   869     00AC  3A03               	xorlw	3	; case 2
   870     00AD  1903               	skipnz
   871     00AE  28C3               	goto	i1l981
   872     00AF  3A01               	xorlw	1	; case 3
   873     00B0  1903               	skipnz
   874     00B1  28CB               	goto	i1l983
   875     00B2  28D3               	goto	i1l36
   876     00B3                     i1l977:
   877                           
   878                           ; Switch size 1, requested type "simple"
   879                           ; Number of cases is 2, Range of values is 125 to 250
   880                           ; switch strategies available:
   881                           ; Name         Instructions Cycles
   882                           ; simple_byte            7     4 (average)
   883                           ; direct_byte          261     9 (fixed)
   884                           ; jumptable            263     9 (fixed)
   885                           ;	Chosen strategy is simple_byte
   886     00B3  0877               	movf	_tick_count,w
   887     00B4  3A7D               	xorlw	125	; case 125
   888     00B5  1903               	skipnz
   889     00B6  2883               	goto	i1l27
   890     00B7  3A87               	xorlw	135	; case 250
   891     00B8  1903               	skipnz
   892     00B9  2887               	goto	i1l29
   893     00BA  28D3               	goto	i1l36
   894     00BB                     i1l979:
   895                           
   896                           ; Switch size 1, requested type "simple"
   897                           ; Number of cases is 2, Range of values is 119 to 244
   898                           ; switch strategies available:
   899                           ; Name         Instructions Cycles
   900                           ; simple_byte            7     4 (average)
   901                           ; direct_byte          261     9 (fixed)
   902                           ; jumptable            263     9 (fixed)
   903                           ;	Chosen strategy is simple_byte
   904     00BB  0877               	movf	_tick_count,w
   905     00BC  3A77               	xorlw	119	; case 119
   906     00BD  1903               	skipnz
   907     00BE  288B               	goto	i1l30
   908     00BF  3A83               	xorlw	131	; case 244
   909     00C0  1903               	skipnz
   910     00C1  288F               	goto	i1l31
   911     00C2  28D3               	goto	i1l36
   912     00C3                     i1l981:
   913                           
   914                           ; Switch size 1, requested type "simple"
   915                           ; Number of cases is 2, Range of values is 113 to 238
   916                           ; switch strategies available:
   917                           ; Name         Instructions Cycles
   918                           ; simple_byte            7     4 (average)
   919                           ; direct_byte          261     9 (fixed)
   920                           ; jumptable            263     9 (fixed)
   921                           ;	Chosen strategy is simple_byte
   922     00C3  0877               	movf	_tick_count,w
   923     00C4  3A71               	xorlw	113	; case 113
   924     00C5  1903               	skipnz
   925     00C6  2893               	goto	i1l32
   926     00C7  3A9F               	xorlw	159	; case 238
   927     00C8  1903               	skipnz
   928     00C9  2897               	goto	i1l33
   929     00CA  28D3               	goto	i1l36
   930     00CB                     i1l983:
   931                           
   932                           ; Switch size 1, requested type "simple"
   933                           ; Number of cases is 2, Range of values is 107 to 232
   934                           ; switch strategies available:
   935                           ; Name         Instructions Cycles
   936                           ; simple_byte            7     4 (average)
   937                           ; direct_byte          261     9 (fixed)
   938                           ; jumptable            263     9 (fixed)
   939                           ;	Chosen strategy is simple_byte
   940     00CB  0877               	movf	_tick_count,w
   941     00CC  3A6B               	xorlw	107	; case 107
   942     00CD  1903               	skipnz
   943     00CE  289B               	goto	i1l34
   944     00CF  3A83               	xorlw	131	; case 232
   945     00D0  1903               	skipnz
   946     00D1  289F               	goto	i1l35
   947     00D2  28D3               	goto	i1l36
   948     00D3                     i1l36:
   949     00D3  0008               	return
   950     00D4                     __end_of_modif_led:
   951                           
   952                           	psect	text4
   953     002F                     __ptext4:	
   954 ;; *************** function ___awmod *****************
   955 ;; Defined at:
   956 ;;		line 5 in file "C:\Program Files\Microchip\xc8\v2.45\pic\sources\c99\common\awmod.c"
   957 ;; Parameters:    Size  Location     Type
   958 ;;  divisor         2    0[COMMON] int 
   959 ;;  dividend        2    2[COMMON] int 
   960 ;; Auto vars:     Size  Location     Type
   961 ;;  sign            1    6[COMMON] unsigned char 
   962 ;;  counter         1    5[COMMON] unsigned char 
   963 ;; Return value:  Size  Location     Type
   964 ;;                  2    0[COMMON] int 
   965 ;; Registers used:
   966 ;;		wreg, status,2, status,0
   967 ;; Tracked objects:
   968 ;;		On entry : 0/0
   969 ;;		On exit  : 0/0
   970 ;;		Unchanged: 0/0
   971 ;; Data sizes:     COMMON   BANK0   BANK1   BANK2   BANK3   BANK4   BANK5   BANK6   BANK7   BANK8   BANK9  BANK10  BANK1
      +1  BANK12  BANK13  BANK14  BANK15  BANK16  BANK17  BANK18  BANK19  BANK20  BANK21  BANK22  BANK23  BANK24  BANK25
   972 ;;      Params:         4       0       0       0       0       0       0       0       0       0       0       0       
      +0       0       0       0       0       0       0       0       0       0       0       0       0       0       0
   973 ;;      Locals:         2       0       0       0       0       0       0       0       0       0       0       0       
      +0       0       0       0       0       0       0       0       0       0       0       0       0       0       0
   974 ;;      Temps:          1       0       0       0       0       0       0       0       0       0       0       0       
      +0       0       0       0       0       0       0       0       0       0       0       0       0       0       0
   975 ;;      Totals:         7       0       0       0       0       0       0       0       0       0       0       0       
      +0       0       0       0       0       0       0       0       0       0       0       0       0       0       0
   976 ;;Total ram usage:        7 bytes
   977 ;; Hardware stack levels used: 1
   978 ;; This function calls:
   979 ;;		Nothing
   980 ;; This function is called by:
   981 ;;		_isr
   982 ;; This function uses a non-reentrant model
   983 ;;
   984                           
   985     002F                     ___awmod:	
   986                           ;psect for function ___awmod
   987                           
   988     002F                     i1l749:	
   989                           ;incstack = 0
   990                           ; Regs used in ___awmod: [wreg+status,2+status,0]
   991                           
   992     002F  01F6               	clrf	___awmod@sign
   993     0030                     i1l751:
   994     0030  1FF3               	btfss	___awmod@dividend+1,7
   995     0031  2833               	goto	u12_21
   996     0032  2834               	goto	u12_20
   997     0033                     u12_21:
   998     0033  283B               	goto	i1l757
   999     0034                     u12_20:
  1000     0034                     i1l753:
  1001     0034  09F2               	comf	___awmod@dividend,f
  1002     0035  09F3               	comf	___awmod@dividend+1,f
  1003     0036  0AF2               	incf	___awmod@dividend,f
  1004     0037  1903               	skipnz
  1005     0038  0AF3               	incf	___awmod@dividend+1,f
  1006     0039                     i1l755:
  1007     0039  01F6               	clrf	___awmod@sign
  1008     003A  0AF6               	incf	___awmod@sign,f
  1009     003B                     i1l757:
  1010     003B  1FF1               	btfss	___awmod@divisor+1,7
  1011     003C  283E               	goto	u13_21
  1012     003D  283F               	goto	u13_20
  1013     003E                     u13_21:
  1014     003E  2844               	goto	i1l761
  1015     003F                     u13_20:
  1016     003F                     i1l759:
  1017     003F  09F0               	comf	___awmod@divisor,f
  1018     0040  09F1               	comf	___awmod@divisor+1,f
  1019     0041  0AF0               	incf	___awmod@divisor,f
  1020     0042  1903               	skipnz
  1021     0043  0AF1               	incf	___awmod@divisor+1,f
  1022     0044                     i1l761:
  1023     0044  0870               	movf	___awmod@divisor,w
  1024     0045  0471               	iorwf	___awmod@divisor+1,w
  1025     0046  1903               	btfsc	3,2
  1026     0047  2849               	goto	u14_21
  1027     0048  284A               	goto	u14_20
  1028     0049                     u14_21:
  1029     0049  2873               	goto	i1l779
  1030     004A                     u14_20:
  1031     004A                     i1l763:
  1032     004A  01F5               	clrf	___awmod@counter
  1033     004B  0AF5               	incf	___awmod@counter,f
  1034     004C  2856               	goto	i1l769
  1035     004D                     i1l765:
  1036     004D  3001               	movlw	1
  1037     004E                     u15_25:
  1038     004E  35F0               	lslf	___awmod@divisor,f
  1039     004F  0DF1               	rlf	___awmod@divisor+1,f
  1040     0050  0B89               	decfsz	9,f
  1041     0051  284E               	goto	u15_25
  1042     0052                     i1l767:
  1043     0052  3001               	movlw	1
  1044     0053  00F4               	movwf	??___awmod
  1045     0054  0874               	movf	??___awmod,w
  1046     0055  07F5               	addwf	___awmod@counter,f
  1047     0056                     i1l769:
  1048     0056  1FF1               	btfss	___awmod@divisor+1,7
  1049     0057  2859               	goto	u16_21
  1050     0058  285A               	goto	u16_20
  1051     0059                     u16_21:
  1052     0059  284D               	goto	i1l765
  1053     005A                     u16_20:
  1054     005A                     i1l771:
  1055     005A  0871               	movf	___awmod@divisor+1,w
  1056     005B  0273               	subwf	___awmod@dividend+1,w
  1057     005C  1D03               	skipz
  1058     005D  2860               	goto	u17_25
  1059     005E  0870               	movf	___awmod@divisor,w
  1060     005F  0272               	subwf	___awmod@dividend,w
  1061     0060                     u17_25:
  1062     0060  1C03               	skipc
  1063     0061  2863               	goto	u17_21
  1064     0062  2864               	goto	u17_20
  1065     0063                     u17_21:
  1066     0063  2868               	goto	i1l775
  1067     0064                     u17_20:
  1068     0064                     i1l773:
  1069     0064  0870               	movf	___awmod@divisor,w
  1070     0065  02F2               	subwf	___awmod@dividend,f
  1071     0066  0871               	movf	___awmod@divisor+1,w
  1072     0067  3BF3               	subwfb	___awmod@dividend+1,f
  1073     0068                     i1l775:
  1074     0068  3001               	movlw	1
  1075     0069                     u18_25:
  1076     0069  36F1               	lsrf	___awmod@divisor+1,f
  1077     006A  0CF0               	rrf	___awmod@divisor,f
  1078     006B  0B89               	decfsz	9,f
  1079     006C  2869               	goto	u18_25
  1080     006D                     i1l777:
  1081     006D  3001               	movlw	1
  1082     006E  02F5               	subwf	___awmod@counter,f
  1083     006F  1D03               	btfss	3,2
  1084     0070  2872               	goto	u19_21
  1085     0071  2873               	goto	u19_20
  1086     0072                     u19_21:
  1087     0072  285A               	goto	i1l771
  1088     0073                     u19_20:
  1089     0073                     i1l779:
  1090     0073  0876               	movf	___awmod@sign,w
  1091     0074  1903               	btfsc	3,2
  1092     0075  2877               	goto	u20_21
  1093     0076  2878               	goto	u20_20
  1094     0077                     u20_21:
  1095     0077  287D               	goto	i1l783
  1096     0078                     u20_20:
  1097     0078                     i1l781:
  1098     0078  09F2               	comf	___awmod@dividend,f
  1099     0079  09F3               	comf	___awmod@dividend+1,f
  1100     007A  0AF2               	incf	___awmod@dividend,f
  1101     007B  1903               	skipnz
  1102     007C  0AF3               	incf	___awmod@dividend+1,f
  1103     007D                     i1l783:
  1104     007D  0873               	movf	___awmod@dividend+1,w
  1105     007E  00F1               	movwf	?___awmod+1
  1106     007F  0872               	movf	___awmod@dividend,w
  1107     0080  00F0               	movwf	?___awmod
  1108     0081                     i1l285:
  1109     0081  0008               	return
  1110     0082                     __end_of___awmod:
  1111     007E                     btemp	set	126	;btemp
  1112     007E                     int$flags	set	126
  1113     007E                     wtemp0	set	126
  1114                           
  1115                           	psect	config
  1116                           
  1117                           ;Config register CONFIG1 @ 0x8007
  1118                           ;	Oscillator Selection Bits
  1119                           ;	FOSC = HS, HS Oscillator, High-speed crystal/resonator connected between OSC1 and OSC2
      +                           pins
  1120                           ;	Watchdog Timer Enable
  1121                           ;	WDTE = SWDTEN, WDT controlled by the SWDTEN bit in the WDTCON register
  1122                           ;	Power-up Timer Enable
  1123                           ;	PWRTE = OFF, PWRT disabled
  1124                           ;	MCLR Pin Function Select
  1125                           ;	MCLRE = ON, MCLR/VPP pin function is MCLR
  1126                           ;	Flash Program Memory Code Protection
  1127                           ;	CP = OFF, Program memory code protection is disabled
  1128                           ;	Brown-out Reset Enable
  1129                           ;	BOREN = ON, Brown-out Reset enabled
  1130                           ;	Clock Out Enable
  1131                           ;	CLKOUTEN = OFF, CLKOUT function is disabled. I/O or oscillator function on the CLKOUT 
      +                          pin
  1132                           ;	Internal/External Switchover Mode
  1133                           ;	IESO = ON, Internal/External Switchover Mode is enabled
  1134                           ;	Fail-Safe Clock Monitor Enable
  1135                           ;	FCMEN = ON, Fail-Safe Clock Monitor is enabled
  1136     8007                     	org	32775
  1137     8007  3FEA               	dw	16362
  1138                           
  1139                           ;Config register CONFIG2 @ 0x8008
  1140                           ;	Flash Memory Self-Write Protection
  1141                           ;	WRT = OFF, Write protection off
  1142                           ;	Peripheral Pin Select one-way control
  1143                           ;	PPS1WAY = OFF, The PPSLOCK bit can be set and cleared repeatedly by software
  1144                           ;	Zero-cross detect disable
  1145                           ;	ZCDDIS = ON, ZCD disabled. ZCD can be enabled by setting the ZCDSEN bit of ZCDCON
  1146                           ;	Phase Lock Loop enable
  1147                           ;	PLLEN = OFF, 4x PLL is disabled
  1148                           ;	Stack Overflow/Underflow Reset Enable
  1149                           ;	STVREN = ON, Stack Overflow or Underflow will cause a Reset
  1150                           ;	Brown-out Reset Voltage Selection
  1151                           ;	BORV = LO, Brown-out Reset Voltage (Vbor), low trip point selected.
  1152                           ;	Low-Power Brown Out Reset
  1153                           ;	LPBOR = OFF, Low-Power BOR is disabled
  1154                           ;	In-Circuit Debugger Mode
  1155                           ;	DEBUG = 0x1, unprogrammed default
  1156                           ;	Low-Voltage Programming Enable
  1157                           ;	LVP = OFF, High-voltage on MCLR/VPP must be used for programming
  1158     8008                     	org	32776
  1159     8008  1EFB               	dw	7931

Data Sizes:
    Strings     0
    Constant    0
    Data        0
    BSS         2
    Persistent  32
    Stack       0

Auto Spaces:
    Space          Size  Autos    Used
    COMMON           14      7       9
    BANK0            80      0       0
    BANK1            80      0       0
    BANK2            80      0       0
    BANK3            80      0       0
    BANK4            80      0       0
    BANK5            80      0       0
    BANK6            80      0       0
    BANK7            80      0       0
    BANK8            80      0       0
    BANK9            80      0       0
    BANK10           80      0       0
    BANK11           80      0       0
    BANK12           80      0       0
    BANK13           80      0       0
    BANK14           80      0       0
    BANK15           80      0       0
    BANK16           80      0       0
    BANK17           80      0       0
    BANK18           80      0       0
    BANK19           80      0       0
    BANK20           80      0       0
    BANK21           80      0       0
    BANK22           80      0       0
    BANK23           80      0       0
    BANK24           80      0       0
    BANK25           32      0       0

Pointer List with Targets:

    None.

Critical Paths under _main in COMMON

    None.

Critical Paths under _isr in COMMON

    _isr->___awmod

Critical Paths under _main in BANK0

    None.

Critical Paths under _isr in BANK0

    None.

Critical Paths under _main in BANK1

    None.

Critical Paths under _isr in BANK1

    None.

Critical Paths under _main in BANK2

    None.

Critical Paths under _isr in BANK2

    None.

Critical Paths under _main in BANK3

    None.

Critical Paths under _isr in BANK3

    None.

Critical Paths under _main in BANK4

    None.

Critical Paths under _isr in BANK4

    None.

Critical Paths under _main in BANK5

    None.

Critical Paths under _isr in BANK5

    None.

Critical Paths under _main in BANK6

    None.

Critical Paths under _isr in BANK6

    None.

Critical Paths under _main in BANK7

    None.

Critical Paths under _isr in BANK7

    None.

Critical Paths under _main in BANK8

    None.

Critical Paths under _isr in BANK8

    None.

Critical Paths under _main in BANK9

    None.

Critical Paths under _isr in BANK9

    None.

Critical Paths under _main in BANK10

    None.

Critical Paths under _isr in BANK10

    None.

Critical Paths under _main in BANK11

    None.

Critical Paths under _isr in BANK11

    None.

Critical Paths under _main in BANK12

    None.

Critical Paths under _isr in BANK12

    None.

Critical Paths under _main in BANK13

    None.

Critical Paths under _isr in BANK13

    None.

Critical Paths under _main in BANK14

    None.

Critical Paths under _isr in BANK14

    None.

Critical Paths under _main in BANK15

    None.

Critical Paths under _isr in BANK15

    None.

Critical Paths under _main in BANK16

    None.

Critical Paths under _isr in BANK16

    None.

Critical Paths under _main in BANK17

    None.

Critical Paths under _isr in BANK17

    None.

Critical Paths under _main in BANK18

    None.

Critical Paths under _isr in BANK18

    None.

Critical Paths under _main in BANK19

    None.

Critical Paths under _isr in BANK19

    None.

Critical Paths under _main in BANK20

    None.

Critical Paths under _isr in BANK20

    None.

Critical Paths under _main in BANK21

    None.

Critical Paths under _isr in BANK21

    None.

Critical Paths under _main in BANK22

    None.

Critical Paths under _isr in BANK22

    None.

Critical Paths under _main in BANK23

    None.

Critical Paths under _isr in BANK23

    None.

Critical Paths under _main in BANK24

    None.

Critical Paths under _isr in BANK24

    None.

Critical Paths under _main in BANK25

    None.

Critical Paths under _isr in BANK25

    None.

Call Graph Tables:

 ---------------------------------------------------------------------------------
 (Depth) Function   	        Calls       Base Space   Used Autos Params    Refs
 ---------------------------------------------------------------------------------
 (0) _main                                                 0     0      0       0
                          _init_leds
 ---------------------------------------------------------------------------------
 (1) _init_leds                                            0     0      0       0
 ---------------------------------------------------------------------------------
 Estimated maximum stack depth 1
 ---------------------------------------------------------------------------------
 (Depth) Function   	        Calls       Base Space   Used Autos Params    Refs
 ---------------------------------------------------------------------------------
 (2) _isr                                                  0     0      0     448
                            ___awmod
                          _modif_led
 ---------------------------------------------------------------------------------
 (3) _modif_led                                            0     0      0       0
 ---------------------------------------------------------------------------------
 (3) ___awmod                                              7     3      4     448
                                              0 COMMON     7     3      4
 ---------------------------------------------------------------------------------
 Estimated maximum stack depth 3
 ---------------------------------------------------------------------------------

 Call Graph Graphs:

 _main (ROOT)
   _init_leds

 _isr (ROOT)
   ___awmod
   _modif_led

 Address spaces:
Name               Size   Autos  Total    Cost      Usage
BIGRAM             7F0      0       0       0        0.0%
NULL                 0      0       0       0        0.0%
CODE                 0      0       0       0        0.0%
BITCOMMON            E      0       0       1        0.0%
BITSFR0              0      0       0       1        0.0%
SFR0                 0      0       0       1        0.0%
COMMON               E      7       9       2       64.3%
BITSFR1              0      0       0       2        0.0%
SFR1                 0      0       0       2        0.0%
BITSFR2              0      0       0       3        0.0%
SFR2                 0      0       0       3        0.0%
STACK                0      0       0       3        0.0%
BITBANK0            50      0       0       4        0.0%
BITSFR3              0      0       0       4        0.0%
SFR3                 0      0       0       4        0.0%
BANK0               50      0       0       5        0.0%
BITSFR4              0      0       0       5        0.0%
SFR4                 0      0       0       5        0.0%
BITBANK1            50      0       0       6        0.0%
BITSFR5              0      0       0       6        0.0%
SFR5                 0      0       0       6        0.0%
BANK1               50      0       0       7        0.0%
BITSFR6              0      0       0       7        0.0%
SFR6                 0      0       0       7        0.0%
BITBANK2            50      0       0       8        0.0%
BITSFR7              0      0       0       8        0.0%
SFR7                 0      0       0       8        0.0%
BANK2               50      0       0       9        0.0%
BITSFR8              0      0       0       9        0.0%
SFR8                 0      0       0       9        0.0%
BITBANK3            50      0       0      10        0.0%
BITSFR9              0      0       0      10        0.0%
SFR9                 0      0       0      10        0.0%
BANK3               50      0       0      11        0.0%
BITSFR10             0      0       0      11        0.0%
SFR10                0      0       0      11        0.0%
BITBANK4            50      0       0      12        0.0%
BITSFR11             0      0       0      12        0.0%
SFR11                0      0       0      12        0.0%
BANK4               50      0       0      13        0.0%
BITSFR12             0      0       0      13        0.0%
SFR12                0      0       0      13        0.0%
BITSFR13             0      0       0      14        0.0%
SFR13                0      0       0      14        0.0%
ABS                  0      0       9      14        0.0%
BITBANK5            50      0       0      15        0.0%
BITSFR14             0      0       0      15        0.0%
SFR14                0      0       0      15        0.0%
BANK5               50      0       0      16        0.0%
BITSFR15             0      0       0      16        0.0%
SFR15                0      0       0      16        0.0%
BITBANK6            50      0       0      17        0.0%
BITSFR16             0      0       0      17        0.0%
SFR16                0      0       0      17        0.0%
BANK6               50      0       0      18        0.0%
BITSFR17             0      0       0      18        0.0%
SFR17                0      0       0      18        0.0%
BITBANK7            50      0       0      19        0.0%
BITSFR18             0      0       0      19        0.0%
SFR18                0      0       0      19        0.0%
BANK7               50      0       0      20        0.0%
BITSFR19             0      0       0      20        0.0%
SFR19                0      0       0      20        0.0%
BITBANK8            50      0       0      21        0.0%
BITSFR20             0      0       0      21        0.0%
SFR20                0      0       0      21        0.0%
BANK8               50      0       0      22        0.0%
BITSFR21             0      0       0      22        0.0%
SFR21                0      0       0      22        0.0%
BITBANK9            50      0       0      23        0.0%
BITSFR22             0      0       0      23        0.0%
SFR22                0      0       0      23        0.0%
BANK9               50      0       0      24        0.0%
BITSFR23             0      0       0      24        0.0%
SFR23                0      0       0      24        0.0%
BITBANK10           50      0       0      25        0.0%
BITSFR24             0      0       0      25        0.0%
SFR24                0      0       0      25        0.0%
BANK10              50      0       0      26        0.0%
BITSFR25             0      0       0      26        0.0%
SFR25                0      0       0      26        0.0%
BITBANK11           50      0       0      27        0.0%
BITSFR26             0      0       0      27        0.0%
SFR26                0      0       0      27        0.0%
BITSFR27             0      0       0      28        0.0%
SFR27                0      0       0      28        0.0%
DATA                 0      0       9      28        0.0%
BANK11              50      0       0      29        0.0%
BITSFR28             0      0       0      29        0.0%
SFR28                0      0       0      29        0.0%
BITBANK12           50      0       0      30        0.0%
BITSFR29             0      0       0      30        0.0%
SFR29                0      0       0      30        0.0%
BANK12              50      0       0      31        0.0%
BITSFR30             0      0       0      31        0.0%
SFR30                0      0       0      31        0.0%
BITBANK13           50      0       0      32        0.0%
BITSFR31             0      0       0      32        0.0%
SFR31                0      0       0      32        0.0%
BANK13              50      0       0      33        0.0%
BITBANK14           50      0       0      34        0.0%
BANK14              50      0       0      35        0.0%
BITBANK15           50      0       0      36        0.0%
BANK15              50      0       0      37        0.0%
BITBANK16           50      0       0      38        0.0%
BANK16              50      0       0      39        0.0%
BITBANK17           50      0       0      40        0.0%
BANK17              50      0       0      41        0.0%
BITBANK18           50      0       0      42        0.0%
BANK18              50      0       0      43        0.0%
BITBANK19           50      0       0      44        0.0%
BANK19              50      0       0      45        0.0%
BITBANK20           50      0       0      46        0.0%
BANK20              50      0       0      47        0.0%
BITBANK21           50      0       0      48        0.0%
BANK21              50      0       0      49        0.0%
BITBANK22           50      0       0      50        0.0%
BANK22              50      0       0      51        0.0%
BITBANK23           50      0       0      52        0.0%
BANK23              50      0       0      53        0.0%
BITBANK24           50      0       0      54        0.0%
BANK24              50      0       0      55        0.0%
BITBANK25           20      0       0      56        0.0%
BANK25              20      0       0      57        0.0%


Microchip Technology PIC Macro Assembler V2.45 build 20230818022343 
Symbol Table                                                                                   Mon Jan 22 11:55:22 2024

                     l23 00F5                       l48 00E7                       l49 00E7  
                    l881 00D7                      l891 00E1                      l883 00D9  
                    l877 00EA                      l893 00E3                      l885 00DD  
                    l895 00E5                      l887 00DF                      l879 00D4  
                    l889 00E0                      _PR2 001B                      _isr 0004  
           ___awmod@sign 0076                      wreg 0009                     ?_isr 0070  
                   i1l30 008B                     i1l31 008F                     i1l32 0093  
                   i1l33 0097                     i1l34 009B                     i1l35 009F  
                   i1l27 0083                     i1l43 0025                     i1l36 00D3  
                   i1l29 0087                     _main 00D4                     btemp 007E  
                   start 0027                    ??_isr 0077                    ?_main 0070  
        __end_of___awmod 0082                    i1l285 0081                    i1l581 00A2  
                  i1l751 0030                    i1l761 0044                    i1l753 0034  
                  i1l585 00A5                    i1l771 005A                    i1l763 004A  
                  i1l755 0039                    i1l579 0082                    i1l781 0078  
                  i1l773 0064                    i1l765 004D                    i1l757 003B  
                  i1l749 002F                    i1l783 007D                    i1l775 0068  
                  i1l767 0052                    i1l759 003F                    i1l791 000F  
                  i1l777 006D                    i1l769 0056                    i1l793 0020  
                  i1l779 0073                    i1l795 0023                    i1l787 0006  
                  i1l981 00C3                    i1l789 000B                    i1l983 00CB  
                  i1l977 00B3                    i1l979 00BB                    u20_20 0078  
                  u12_20 0034                    u20_21 0077                    u12_21 0033  
                  u13_20 003F                    u21_20 000B                    u13_21 003E  
                  u21_21 000A                    u14_20 004A                    u22_20 0020  
                  u14_21 0049                    u22_21 001F                    u15_25 004E  
                  u16_20 005A                    u16_21 0059                    u17_20 0064  
                  u17_21 0063                    u17_25 0060                    u18_25 0069  
                  u19_20 0073                    u19_21 0072                    status 0003  
                  wtemp0 007E          __initialization 0029             __end_of_main 00EA  
                 ??_main 0000                ??___awmod 0074          ___awmod@divisor 0070  
        ___awmod@counter 0075  __end_of__initialization 002B           __pcstackCOMMON 0070  
             __pmaintext 00D4               __pintentry 0004                  ___awmod 002F  
                __ptext1 00EA                  __ptext3 0082                  __ptext4 002F  
              _T2CONbits 001C        __end_of_init_leds 00F6         ___awmod@dividend 0072  
      __end_of_modif_led 00D4     end_of_initialization 002B               _tick_count 0077  
              _PORTBbits 000D                _PORTDbits 000F                _TRISBbits 008D  
              _TRISDbits 008F      start_initialization 0029              __end_of_isr 0027  
            __pbssCOMMON 0077                ___latbits 0003            __pcstackBANK0 0000  
               ?___awmod 0070                _init_leds 00EA                _modif_led 0082  
               _PIE1bits 0091                 _PIR1bits 0011               ?_init_leds 0070  
             ?_modif_led 0070                 int$flags 007E               _INTCONbits 000B  
            ??_init_leds 0000                 intlevel1 0000              ??_modif_led 0070  
