

Microchip MPLAB XC8 Assembler V2.45 build 20230818022343 
                                                                                               Fri Feb 02 12:12:39 2024

Microchip MPLAB XC8 C Compiler v2.45 (Free license) build 20230818022343 Og1 
     1                           	processor	16F1719
     2                           	pagewidth 120
     3                           	opt	flic
     4                           	psect	cinit,global,class=CODE,merge=1,delta=2
     5                           	psect	cstackCOMMON,global,class=COMMON,space=1,delta=1,noexec
     6                           	psect	maintext,global,class=CODE,merge=1,split=1,delta=2
     7                           	psect	text1,local,class=CODE,merge=1,delta=2
     8                           	psect	intentry,global,class=CODE,delta=2
     9                           	psect	config,global,abs,ovrld,class=CONFIG,space=4,delta=2,noexec
    10                           	dabs	1,0x7E,2
    11     0000                     
    12                           ; Generated 06/07/2023 GMT
    13                           ; 
    14                           ; Copyright © 2023, Microchip Technology Inc. and its subsidiaries ("Microchip")
    15                           ; All rights reserved.
    16                           ; 
    17                           ; This software is developed by Microchip Technology Inc. and its subsidiaries ("Microch
      +                          ip").
    18                           ; 
    19                           ; Redistribution and use in source and binary forms, with or without modification, are
    20                           ; permitted provided that the following conditions are met:
    21                           ; 
    22                           ;     1. Redistributions of source code must retain the above copyright notice, this lis
      +                          t of
    23                           ;        conditions and the following disclaimer.
    24                           ; 
    25                           ;     2. Redistributions in binary form must reproduce the above copyright notice, this 
      +                          list
    26                           ;        of conditions and the following disclaimer in the documentation and/or other
    27                           ;        materials provided with the distribution. Publication is not required when
    28                           ;        this file is used in an embedded application.
    29                           ; 
    30                           ;     3. Microchip's name may not be used to endorse or promote products derived from th
      +                          is
    31                           ;        software without specific prior written permission.
    32                           ; 
    33                           ; THIS SOFTWARE IS PROVIDED BY MICROCHIP "AS IS" AND ANY EXPRESS OR IMPLIED WARRANTIES,
    34                           ; INCLUDING, BUT NOT LIMITED TO, THE IMPLIED WARRANTIES OF MERCHANTABILITY AND FITNESS F
      +                          OR
    35                           ; PURPOSE ARE DISCLAIMED.  IN NO EVENT SHALL MICROCHIP BE LIABLE FOR ANY DIRECT, INDIREC
      +                          T,
    36                           ; INCIDENTAL, SPECIAL, EXEMPLARY, OR CONSEQUENTIAL DAMAGES (INCLUDING BUT NOT LIMITED TO
    37                           ; PROCUREMENT OF SUBSTITUTE GOODS OR SERVICES; LOSS OF USE, DATA OR PROFITS; OR BUSINESS
    38                           ; INTERRUPTION) HOWSOEVER CAUSED AND ON ANY THEORY OF LIABILITY, WHETHER IN CONTRACT, ST
      +                          RICT
    39                           ; LIABILITY, OR TORT (INCLUDING NEGLIGENCE OR OTHERWISE) ARISING IN ANY WAY OUT OF THE U
      +                          SE OF
    40                           ; THIS SOFTWARE, EVEN IF ADVISED OF THE POSSIBILITY OF SUCH DAMAGE.
    41                           ; 
    42                           ; 
    43                           ; Code-generator required, PIC16F1719 Definitions
    44                           ; 
    45                           ; SFR Addresses
    46     0000                     	;# 
    47     0001                     	;# 
    48     0002                     	;# 
    49     0003                     	;# 
    50     0004                     	;# 
    51     0005                     	;# 
    52     0006                     	;# 
    53     0007                     	;# 
    54     0008                     	;# 
    55     0009                     	;# 
    56     000A                     	;# 
    57     000B                     	;# 
    58     000C                     	;# 
    59     000D                     	;# 
    60     000E                     	;# 
    61     000F                     	;# 
    62     0010                     	;# 
    63     0011                     	;# 
    64     0012                     	;# 
    65     0013                     	;# 
    66     0015                     	;# 
    67     0016                     	;# 
    68     0016                     	;# 
    69     0017                     	;# 
    70     0018                     	;# 
    71     0019                     	;# 
    72     001A                     	;# 
    73     001B                     	;# 
    74     001C                     	;# 
    75     008C                     	;# 
    76     008D                     	;# 
    77     008E                     	;# 
    78     008F                     	;# 
    79     0090                     	;# 
    80     0091                     	;# 
    81     0092                     	;# 
    82     0093                     	;# 
    83     0095                     	;# 
    84     0096                     	;# 
    85     0097                     	;# 
    86     0098                     	;# 
    87     0099                     	;# 
    88     009A                     	;# 
    89     009B                     	;# 
    90     009B                     	;# 
    91     009C                     	;# 
    92     009D                     	;# 
    93     009E                     	;# 
    94     009F                     	;# 
    95     010C                     	;# 
    96     010D                     	;# 
    97     010E                     	;# 
    98     010F                     	;# 
    99     0110                     	;# 
   100     0111                     	;# 
   101     0112                     	;# 
   102     0113                     	;# 
   103     0114                     	;# 
   104     0115                     	;# 
   105     0116                     	;# 
   106     0117                     	;# 
   107     0118                     	;# 
   108     0119                     	;# 
   109     011A                     	;# 
   110     011B                     	;# 
   111     011B                     	;# 
   112     011C                     	;# 
   113     018C                     	;# 
   114     018D                     	;# 
   115     018E                     	;# 
   116     018F                     	;# 
   117     0190                     	;# 
   118     0191                     	;# 
   119     0191                     	;# 
   120     0192                     	;# 
   121     0193                     	;# 
   122     0193                     	;# 
   123     0194                     	;# 
   124     0195                     	;# 
   125     0196                     	;# 
   126     0197                     	;# 
   127     0199                     	;# 
   128     0199                     	;# 
   129     0199                     	;# 
   130     019A                     	;# 
   131     019A                     	;# 
   132     019A                     	;# 
   133     019B                     	;# 
   134     019B                     	;# 
   135     019B                     	;# 
   136     019B                     	;# 
   137     019B                     	;# 
   138     019C                     	;# 
   139     019C                     	;# 
   140     019C                     	;# 
   141     019D                     	;# 
   142     019D                     	;# 
   143     019D                     	;# 
   144     019E                     	;# 
   145     019E                     	;# 
   146     019E                     	;# 
   147     019F                     	;# 
   148     019F                     	;# 
   149     019F                     	;# 
   150     019F                     	;# 
   151     019F                     	;# 
   152     020C                     	;# 
   153     020D                     	;# 
   154     020E                     	;# 
   155     020F                     	;# 
   156     0210                     	;# 
   157     0211                     	;# 
   158     0211                     	;# 
   159     0212                     	;# 
   160     0212                     	;# 
   161     0213                     	;# 
   162     0213                     	;# 
   163     0214                     	;# 
   164     0214                     	;# 
   165     0215                     	;# 
   166     0215                     	;# 
   167     0215                     	;# 
   168     0215                     	;# 
   169     0216                     	;# 
   170     0216                     	;# 
   171     0217                     	;# 
   172     0217                     	;# 
   173     028C                     	;# 
   174     028D                     	;# 
   175     028E                     	;# 
   176     028F                     	;# 
   177     0290                     	;# 
   178     0291                     	;# 
   179     0291                     	;# 
   180     0292                     	;# 
   181     0293                     	;# 
   182     0293                     	;# 
   183     0298                     	;# 
   184     0298                     	;# 
   185     0299                     	;# 
   186     029A                     	;# 
   187     029A                     	;# 
   188     029E                     	;# 
   189     030C                     	;# 
   190     030D                     	;# 
   191     030E                     	;# 
   192     030F                     	;# 
   193     0310                     	;# 
   194     038C                     	;# 
   195     038D                     	;# 
   196     038E                     	;# 
   197     038F                     	;# 
   198     0390                     	;# 
   199     0391                     	;# 
   200     0392                     	;# 
   201     0393                     	;# 
   202     0394                     	;# 
   203     0395                     	;# 
   204     0396                     	;# 
   205     0397                     	;# 
   206     0398                     	;# 
   207     0399                     	;# 
   208     039D                     	;# 
   209     039E                     	;# 
   210     039F                     	;# 
   211     0415                     	;# 
   212     0416                     	;# 
   213     0417                     	;# 
   214     041C                     	;# 
   215     041D                     	;# 
   216     041E                     	;# 
   217     0498                     	;# 
   218     0498                     	;# 
   219     0499                     	;# 
   220     049A                     	;# 
   221     049B                     	;# 
   222     049B                     	;# 
   223     049C                     	;# 
   224     049D                     	;# 
   225     049E                     	;# 
   226     049F                     	;# 
   227     0511                     	;# 
   228     0515                     	;# 
   229     0617                     	;# 
   230     0618                     	;# 
   231     0619                     	;# 
   232     0619                     	;# 
   233     061A                     	;# 
   234     061B                     	;# 
   235     061C                     	;# 
   236     061C                     	;# 
   237     0691                     	;# 
   238     0692                     	;# 
   239     0693                     	;# 
   240     0694                     	;# 
   241     0695                     	;# 
   242     0696                     	;# 
   243     0697                     	;# 
   244     0698                     	;# 
   245     0699                     	;# 
   246     069A                     	;# 
   247     069B                     	;# 
   248     069C                     	;# 
   249     069D                     	;# 
   250     069E                     	;# 
   251     069F                     	;# 
   252     0E0F                     	;# 
   253     0E10                     	;# 
   254     0E11                     	;# 
   255     0E12                     	;# 
   256     0E13                     	;# 
   257     0E14                     	;# 
   258     0E15                     	;# 
   259     0E17                     	;# 
   260     0E20                     	;# 
   261     0E21                     	;# 
   262     0E22                     	;# 
   263     0E24                     	;# 
   264     0E25                     	;# 
   265     0E28                     	;# 
   266     0E29                     	;# 
   267     0E2A                     	;# 
   268     0E2B                     	;# 
   269     0E90                     	;# 
   270     0E91                     	;# 
   271     0E92                     	;# 
   272     0E93                     	;# 
   273     0E94                     	;# 
   274     0E95                     	;# 
   275     0E96                     	;# 
   276     0E97                     	;# 
   277     0E98                     	;# 
   278     0E99                     	;# 
   279     0E9A                     	;# 
   280     0E9B                     	;# 
   281     0E9C                     	;# 
   282     0E9D                     	;# 
   283     0E9E                     	;# 
   284     0E9F                     	;# 
   285     0EA0                     	;# 
   286     0EA1                     	;# 
   287     0EA2                     	;# 
   288     0EA3                     	;# 
   289     0EA4                     	;# 
   290     0EA5                     	;# 
   291     0EA6                     	;# 
   292     0EA7                     	;# 
   293     0EA8                     	;# 
   294     0EA9                     	;# 
   295     0EAA                     	;# 
   296     0EAB                     	;# 
   297     0EAC                     	;# 
   298     0EAD                     	;# 
   299     0EAE                     	;# 
   300     0EAF                     	;# 
   301     0EB0                     	;# 
   302     0EB1                     	;# 
   303     0EB2                     	;# 
   304     0F0F                     	;# 
   305     0F10                     	;# 
   306     0F11                     	;# 
   307     0F12                     	;# 
   308     0F13                     	;# 
   309     0F14                     	;# 
   310     0F15                     	;# 
   311     0F16                     	;# 
   312     0F17                     	;# 
   313     0F18                     	;# 
   314     0F19                     	;# 
   315     0F1A                     	;# 
   316     0F1B                     	;# 
   317     0F1C                     	;# 
   318     0F1D                     	;# 
   319     0F1E                     	;# 
   320     0F1F                     	;# 
   321     0F20                     	;# 
   322     0F21                     	;# 
   323     0F22                     	;# 
   324     0F23                     	;# 
   325     0F24                     	;# 
   326     0F25                     	;# 
   327     0F26                     	;# 
   328     0F27                     	;# 
   329     0F28                     	;# 
   330     0F29                     	;# 
   331     0F2A                     	;# 
   332     0F2B                     	;# 
   333     0F2C                     	;# 
   334     0F2D                     	;# 
   335     0F2E                     	;# 
   336     0F2F                     	;# 
   337     0F30                     	;# 
   338     0F31                     	;# 
   339     0F32                     	;# 
   340     0F33                     	;# 
   341     0F34                     	;# 
   342     0F35                     	;# 
   343     0F36                     	;# 
   344     0F37                     	;# 
   345     0FE4                     	;# 
   346     0FE5                     	;# 
   347     0FE6                     	;# 
   348     0FE7                     	;# 
   349     0FE8                     	;# 
   350     0FE9                     	;# 
   351     0FEA                     	;# 
   352     0FEB                     	;# 
   353     0FED                     	;# 
   354     0FEE                     	;# 
   355     0FEF                     	;# 
   356     000F                     _PORTDbits	set	15
   357     000B                     _INTCONbits	set	11
   358     008F                     _TRISDbits	set	143
   359     0091                     _PIE1bits	set	145
   360     008E                     _TRISCbits	set	142
   361     0199                     _RC1REG	set	409
   362     019A                     _TX1REG	set	410
   363     019D                     _RC1STAbits	set	413
   364     019B                     _SP1BRGLbits	set	411
   365     019C                     _SP1BRGHbits	set	412
   366     019F                     _BAUD1CONbits	set	415
   367     019E                     _TX1STAbits	set	414
   368     018E                     _ANSELCbits	set	398
   369     0E24                     _RXPPSbits	set	3620
   370     0EA6                     _RC6PPSbits	set	3750
   371                           
   372                           	psect	cinit
   373     000F                     start_initialization:	
   374                           ; #config settings
   375                           
   376     000F                     __initialization:
   377     000F                     end_of_initialization:	
   378                           ;End of C runtime variable initialization code
   379                           
   380     000F                     __end_of__initialization:
   381     000F  107E               	bcf	int$flags,0	;clear compiler interrupt flag (level 1)
   382     0010  0020               	movlb	0
   383     0011  3180  2830         	ljmp	_main	;jump to C main() function
   384                           
   385                           	psect	cstackCOMMON
   386     0000                     __pcstackCOMMON:
   387     0000                     ?_init:
   388     0000                     ??_init:	
   389                           ; 1 bytes @ 0x0
   390                           
   391     0000                     ?_isr:	
   392                           ; 1 bytes @ 0x0
   393                           
   394     0000                     ??_isr:	
   395                           ; 1 bytes @ 0x0
   396                           
   397     0000                     ?_main:	
   398                           ; 1 bytes @ 0x0
   399                           
   400     0000                     ??_main:	
   401                           ; 1 bytes @ 0x0
   402                           
   403                           
   404                           	psect	maintext
   405     0030                     __pmaintext:	
   406                           ; 1 bytes @ 0x0
   407 ;;
   408 ;;Main: autosize = 0, tempsize = 0, incstack = 0, save=0
   409 ;;
   410 ;; *************** function _main *****************
   411 ;; Defined at:
   412 ;;		line 44 in file "main.c"
   413 ;; Parameters:    Size  Location     Type
   414 ;;		None
   415 ;; Auto vars:     Size  Location     Type
   416 ;;		None
   417 ;; Return value:  Size  Location     Type
   418 ;;                  1    wreg      void 
   419 ;; Registers used:
   420 ;;		wreg, status,2, status,0, pclath, cstack
   421 ;; Tracked objects:
   422 ;;		On entry : B1F/0
   423 ;;		On exit  : 0/0
   424 ;;		Unchanged: 0/0
   425 ;; Data sizes:     COMMON   BANK0   BANK1   BANK2   BANK3   BANK4   BANK5   BANK6   BANK7   BANK8   BANK9  BANK10  BANK1
      +1  BANK12  BANK13  BANK14  BANK15  BANK16  BANK17  BANK18  BANK19  BANK20  BANK21  BANK22  BANK23  BANK24  BANK25
   426 ;;      Params:         0       0       0       0       0       0       0       0       0       0       0       0       
      +0       0       0       0       0       0       0       0       0       0       0       0       0       0       0
   427 ;;      Locals:         0       0       0       0       0       0       0       0       0       0       0       0       
      +0       0       0       0       0       0       0       0       0       0       0       0       0       0       0
   428 ;;      Temps:          0       0       0       0       0       0       0       0       0       0       0       0       
      +0       0       0       0       0       0       0       0       0       0       0       0       0       0       0
   429 ;;      Totals:         0       0       0       0       0       0       0       0       0       0       0       0       
      +0       0       0       0       0       0       0       0       0       0       0       0       0       0       0
   430 ;;Total ram usage:        0 bytes
   431 ;; Hardware stack levels required when called: 2
   432 ;; This function calls:
   433 ;;		_init
   434 ;; This function is called by:
   435 ;;		Startup code after reset
   436 ;; This function uses a non-reentrant model
   437 ;;
   438                           
   439     0030                     _main:	
   440                           ;psect for function _main
   441                           
   442     0030                     l606:	
   443                           ;incstack = 0
   444                           ; Regs used in _main: [wreg+status,2+status,0+pclath+cstack]
   445                           
   446                           
   447                           ;main.c: 46:     init();
   448     0030  3180  2013  3180   	fcall	_init
   449     0033                     l608:
   450                           
   451                           ;main.c: 48:     TRISDbits.TRISD3 = 0;
   452     0033  0021               	movlb	1	; select bank1
   453     0034  118F               	bcf	15,3	;volatile
   454     0035                     l610:
   455                           
   456                           ;main.c: 49:     PORTDbits.RD3 = 1;
   457     0035  0020               	movlb	0	; select bank0
   458     0036  158F               	bsf	15,3	;volatile
   459     0037                     l43:	
   460                           ;main.c: 50:     while(1) {
   461                           
   462     0037                     l44:	
   463                           ;main.c: 52:     }
   464                           
   465     0037  2837               	goto	l43
   466     0038  3180  280D         	ljmp	start
   467     003A                     __end_of_main:
   468                           
   469                           	psect	text1
   470     0013                     __ptext1:	
   471 ;; *************** function _init *****************
   472 ;; Defined at:
   473 ;;		line 16 in file "main.c"
   474 ;; Parameters:    Size  Location     Type
   475 ;;		None
   476 ;; Auto vars:     Size  Location     Type
   477 ;;		None
   478 ;; Return value:  Size  Location     Type
   479 ;;                  1    wreg      void 
   480 ;; Registers used:
   481 ;;		wreg, status,2, status,0
   482 ;; Tracked objects:
   483 ;;		On entry : 0/0
   484 ;;		On exit  : 0/0
   485 ;;		Unchanged: 0/0
   486 ;; Data sizes:     COMMON   BANK0   BANK1   BANK2   BANK3   BANK4   BANK5   BANK6   BANK7   BANK8   BANK9  BANK10  BANK1
      +1  BANK12  BANK13  BANK14  BANK15  BANK16  BANK17  BANK18  BANK19  BANK20  BANK21  BANK22  BANK23  BANK24  BANK25
   487 ;;      Params:         0       0       0       0       0       0       0       0       0       0       0       0       
      +0       0       0       0       0       0       0       0       0       0       0       0       0       0       0
   488 ;;      Locals:         0       0       0       0       0       0       0       0       0       0       0       0       
      +0       0       0       0       0       0       0       0       0       0       0       0       0       0       0
   489 ;;      Temps:          0       0       0       0       0       0       0       0       0       0       0       0       
      +0       0       0       0       0       0       0       0       0       0       0       0       0       0       0
   490 ;;      Totals:         0       0       0       0       0       0       0       0       0       0       0       0       
      +0       0       0       0       0       0       0       0       0       0       0       0       0       0       0
   491 ;;Total ram usage:        0 bytes
   492 ;; Hardware stack levels used: 1
   493 ;; Hardware stack levels required when called: 1
   494 ;; This function calls:
   495 ;;		Nothing
   496 ;; This function is called by:
   497 ;;		_main
   498 ;; This function uses a non-reentrant model
   499 ;;
   500                           
   501     0013                     _init:	
   502                           ;psect for function _init
   503                           
   504     0013                     l572:	
   505                           ;incstack = 0
   506                           ; Regs used in _init: [wreg+status,2+status,0]
   507                           
   508                           
   509                           ;main.c: 17:     RC6PPSbits.RC6PPS = 20;
   510     0013  003D               	movlb	29	; select bank29
   511     0014  0826               	movf	38,w	;volatile
   512     0015  39E0               	andlw	-32
   513     0016  3814               	iorlw	20
   514     0017  00A6               	movwf	38	;volatile
   515                           
   516                           ;main.c: 18:     RXPPSbits.RXPPS = 23;
   517     0018  003C               	movlb	28	; select bank28
   518     0019  0824               	movf	36,w	;volatile
   519     001A  39E0               	andlw	-32
   520     001B  3817               	iorlw	23
   521     001C  00A4               	movwf	36	;volatile
   522     001D                     l574:
   523                           
   524                           ;main.c: 20:     TRISCbits.TRISC6 = 0;
   525     001D  0021               	movlb	1	; select bank1
   526     001E  130E               	bcf	14,6	;volatile
   527     001F                     l576:
   528                           
   529                           ;main.c: 21:     TRISCbits.TRISC7 = 1;
   530     001F  178E               	bsf	14,7	;volatile
   531     0020                     l578:
   532                           
   533                           ;main.c: 22:     ANSELCbits.ANSC7 = 0;
   534     0020  0023               	movlb	3	; select bank3
   535     0021  138E               	bcf	14,7	;volatile
   536     0022                     l580:
   537                           
   538                           ;main.c: 24:     TX1STAbits.SYNC = 0;
   539     0022  121E               	bcf	30,4	;volatile
   540     0023                     l582:
   541                           
   542                           ;main.c: 25:     TX1STAbits.BRGH = 0;
   543     0023  111E               	bcf	30,2	;volatile
   544     0024                     l584:
   545                           
   546                           ;main.c: 26:     BAUD1CONbits.BRG16 = 1;
   547     0024  159F               	bsf	31,3	;volatile
   548     0025                     l586:
   549                           
   550                           ;main.c: 27:     SP1BRGHbits.SP1BRGH = 0;
   551     0025  019C               	clrf	28	;volatile
   552     0026                     l588:
   553                           
   554                           ;main.c: 28:     SP1BRGLbits.SP1BRGL = 51;
   555     0026  3033               	movlw	51
   556     0027  009B               	movwf	27	;volatile
   557     0028                     l590:
   558                           
   559                           ;main.c: 30:     TX1STAbits.TXEN = 1;
   560     0028  169E               	bsf	30,5	;volatile
   561     0029                     l592:
   562                           
   563                           ;main.c: 31:     RC1STAbits.CREN = 1;
   564     0029  161D               	bsf	29,4	;volatile
   565     002A                     l594:
   566                           
   567                           ;main.c: 32:     RC1STAbits.SPEN = 1;
   568     002A  179D               	bsf	29,7	;volatile
   569     002B                     l596:
   570                           
   571                           ;main.c: 34:     INTCONbits.GIE = 1;
   572     002B  178B               	bsf	11,7	;volatile
   573     002C                     l598:
   574                           
   575                           ;main.c: 35:     INTCONbits.PEIE = 1;
   576     002C  170B               	bsf	11,6	;volatile
   577     002D                     l600:
   578                           
   579                           ;main.c: 36:     PIE1bits.RCIE = 1;
   580     002D  0021               	movlb	1	; select bank1
   581     002E  1691               	bsf	17,5	;volatile
   582     002F                     l33:
   583     002F  0008               	return
   584     0030                     __end_of_init:
   585                           
   586                           	psect	intentry
   587     0004                     __pintentry:	
   588 ;; *************** function _isr *****************
   589 ;; Defined at:
   590 ;;		line 39 in file "main.c"
   591 ;; Parameters:    Size  Location     Type
   592 ;;		None
   593 ;; Auto vars:     Size  Location     Type
   594 ;;		None
   595 ;; Return value:  Size  Location     Type
   596 ;;                  1    wreg      void 
   597 ;; Registers used:
   598 ;;		wreg
   599 ;; Tracked objects:
   600 ;;		On entry : 0/0
   601 ;;		On exit  : 0/0
   602 ;;		Unchanged: 0/0
   603 ;; Data sizes:     COMMON   BANK0   BANK1   BANK2   BANK3   BANK4   BANK5   BANK6   BANK7   BANK8   BANK9  BANK10  BANK1
      +1  BANK12  BANK13  BANK14  BANK15  BANK16  BANK17  BANK18  BANK19  BANK20  BANK21  BANK22  BANK23  BANK24  BANK25
   604 ;;      Params:         0       0       0       0       0       0       0       0       0       0       0       0       
      +0       0       0       0       0       0       0       0       0       0       0       0       0       0       0
   605 ;;      Locals:         0       0       0       0       0       0       0       0       0       0       0       0       
      +0       0       0       0       0       0       0       0       0       0       0       0       0       0       0
   606 ;;      Temps:          0       0       0       0       0       0       0       0       0       0       0       0       
      +0       0       0       0       0       0       0       0       0       0       0       0       0       0       0
   607 ;;      Totals:         0       0       0       0       0       0       0       0       0       0       0       0       
      +0       0       0       0       0       0       0       0       0       0       0       0       0       0       0
   608 ;;Total ram usage:        0 bytes
   609 ;; Hardware stack levels used: 1
   610 ;; This function calls:
   611 ;;		Nothing
   612 ;; This function is called by:
   613 ;;		Interrupt level 1
   614 ;; This function uses a non-reentrant model
   615 ;;
   616                           
   617     0004                     _isr:
   618                           
   619                           ;incstack = 0
   620     0004  147E               	bsf	int$flags,0	;set compiler interrupt flag (level 1)
   621                           
   622                           ; Regs used in _isr: [wreg]
   623     0005  3180               	pagesel	$
   624     0006                     i1l602:
   625                           
   626                           ;main.c: 40:     TX1REG = RC1REG;
   627     0006  0023               	movlb	3	; select bank3
   628     0007  0819               	movf	25,w	;volatile
   629     0008  009A               	movwf	26	;volatile
   630     0009                     i1l604:
   631                           
   632                           ;main.c: 41:     PORTDbits.RD3 = 0;
   633     0009  0020               	movlb	0	; select bank0
   634     000A  118F               	bcf	15,3	;volatile
   635     000B                     i1l38:
   636     000B  107E               	bcf	int$flags,0	;clear compiler interrupt flag (level 1)
   637     000C  0009               	retfie
   638     000D                     __end_of_isr:
   639     007E                     btemp	set	126	;btemp
   640     007E                     int$flags	set	126
   641     007E                     wtemp0	set	126
   642                           
   643                           	psect	config
   644                           
   645                           ;Config register CONFIG1 @ 0x8007
   646                           ;	Oscillator Selection Bits
   647                           ;	FOSC = HS, HS Oscillator, High-speed crystal/resonator connected between OSC1 and OSC2
      +                           pins
   648                           ;	Watchdog Timer Enable
   649                           ;	WDTE = SWDTEN, WDT controlled by the SWDTEN bit in the WDTCON register
   650                           ;	Power-up Timer Enable
   651                           ;	PWRTE = OFF, PWRT disabled
   652                           ;	MCLR Pin Function Select
   653                           ;	MCLRE = ON, MCLR/VPP pin function is MCLR
   654                           ;	Flash Program Memory Code Protection
   655                           ;	CP = OFF, Program memory code protection is disabled
   656                           ;	Brown-out Reset Enable
   657                           ;	BOREN = ON, Brown-out Reset enabled
   658                           ;	Clock Out Enable
   659                           ;	CLKOUTEN = OFF, CLKOUT function is disabled. I/O or oscillator function on the CLKOUT 
      +                          pin
   660                           ;	Internal/External Switchover Mode
   661                           ;	IESO = ON, Internal/External Switchover Mode is enabled
   662                           ;	Fail-Safe Clock Monitor Enable
   663                           ;	FCMEN = ON, Fail-Safe Clock Monitor is enabled
   664     8007                     	org	32775
   665     8007  3FEA               	dw	16362
   666                           
   667                           ;Config register CONFIG2 @ 0x8008
   668                           ;	Flash Memory Self-Write Protection
   669                           ;	WRT = OFF, Write protection off
   670                           ;	Peripheral Pin Select one-way control
   671                           ;	PPS1WAY = OFF, The PPSLOCK bit can be set and cleared repeatedly by software
   672                           ;	Zero-cross detect disable
   673                           ;	ZCDDIS = ON, ZCD disabled. ZCD can be enabled by setting the ZCDSEN bit of ZCDCON
   674                           ;	Phase Lock Loop enable
   675                           ;	PLLEN = OFF, 4x PLL is disabled
   676                           ;	Stack Overflow/Underflow Reset Enable
   677                           ;	STVREN = ON, Stack Overflow or Underflow will cause a Reset
   678                           ;	Brown-out Reset Voltage Selection
   679                           ;	BORV = LO, Brown-out Reset Voltage (Vbor), low trip point selected.
   680                           ;	Low-Power Brown Out Reset
   681                           ;	LPBOR = OFF, Low-Power BOR is disabled
   682                           ;	In-Circuit Debugger Mode
   683                           ;	DEBUG = 0x1, unprogrammed default
   684                           ;	Low-Voltage Programming Enable
   685                           ;	LVP = OFF, High-voltage on MCLR/VPP must be used for programming
   686     8008                     	org	32776
   687     8008  1EFB               	dw	7931

Data Sizes:
    Strings     0
    Constant    0
    Data        0
    BSS         0
    Persistent  32
    Stack       0

Auto Spaces:
    Space          Size  Autos    Used
    COMMON           14      0       0
    BANK0            80      0       0
    BANK1            80      0       0
    BANK2            80      0       0
    BANK3            80      0       0
    BANK4            80      0       0
    BANK5            80      0       0
    BANK6            80      0       0
    BANK7            80      0       0
    BANK8            80      0       0
    BANK9            80      0       0
    BANK10           80      0       0
    BANK11           80      0       0
    BANK12           80      0       0
    BANK13           80      0       0
    BANK14           80      0       0
    BANK15           80      0       0
    BANK16           80      0       0
    BANK17           80      0       0
    BANK18           80      0       0
    BANK19           80      0       0
    BANK20           80      0       0
    BANK21           80      0       0
    BANK22           80      0       0
    BANK23           80      0       0
    BANK24           80      0       0
    BANK25           32      0       0

Pointer List with Targets:

    None.

Critical Paths under _main in COMMON

    None.

Critical Paths under _isr in COMMON

    None.

Critical Paths under _main in BANK0

    None.

Critical Paths under _isr in BANK0

    None.

Critical Paths under _main in BANK1

    None.

Critical Paths under _isr in BANK1

    None.

Critical Paths under _main in BANK2

    None.

Critical Paths under _isr in BANK2

    None.

Critical Paths under _main in BANK3

    None.

Critical Paths under _isr in BANK3

    None.

Critical Paths under _main in BANK4

    None.

Critical Paths under _isr in BANK4

    None.

Critical Paths under _main in BANK5

    None.

Critical Paths under _isr in BANK5

    None.

Critical Paths under _main in BANK6

    None.

Critical Paths under _isr in BANK6

    None.

Critical Paths under _main in BANK7

    None.

Critical Paths under _isr in BANK7

    None.

Critical Paths under _main in BANK8

    None.

Critical Paths under _isr in BANK8

    None.

Critical Paths under _main in BANK9

    None.

Critical Paths under _isr in BANK9

    None.

Critical Paths under _main in BANK10

    None.

Critical Paths under _isr in BANK10

    None.

Critical Paths under _main in BANK11

    None.

Critical Paths under _isr in BANK11

    None.

Critical Paths under _main in BANK12

    None.

Critical Paths under _isr in BANK12

    None.

Critical Paths under _main in BANK13

    None.

Critical Paths under _isr in BANK13

    None.

Critical Paths under _main in BANK14

    None.

Critical Paths under _isr in BANK14

    None.

Critical Paths under _main in BANK15

    None.

Critical Paths under _isr in BANK15

    None.

Critical Paths under _main in BANK16

    None.

Critical Paths under _isr in BANK16

    None.

Critical Paths under _main in BANK17

    None.

Critical Paths under _isr in BANK17

    None.

Critical Paths under _main in BANK18

    None.

Critical Paths under _isr in BANK18

    None.

Critical Paths under _main in BANK19

    None.

Critical Paths under _isr in BANK19

    None.

Critical Paths under _main in BANK20

    None.

Critical Paths under _isr in BANK20

    None.

Critical Paths under _main in BANK21

    None.

Critical Paths under _isr in BANK21

    None.

Critical Paths under _main in BANK22

    None.

Critical Paths under _isr in BANK22

    None.

Critical Paths under _main in BANK23

    None.

Critical Paths under _isr in BANK23

    None.

Critical Paths under _main in BANK24

    None.

Critical Paths under _isr in BANK24

    None.

Critical Paths under _main in BANK25

    None.

Critical Paths under _isr in BANK25

    None.

Call Graph Tables:

 ---------------------------------------------------------------------------------
 (Depth) Function   	        Calls       Base Space   Used Autos Params    Refs
 ---------------------------------------------------------------------------------
 (0) _main                                                 0     0      0       0
                               _init
 ---------------------------------------------------------------------------------
 (1) _init                                                 0     0      0       0
 ---------------------------------------------------------------------------------
 Estimated maximum stack depth 1
 ---------------------------------------------------------------------------------
 (Depth) Function   	        Calls       Base Space   Used Autos Params    Refs
 ---------------------------------------------------------------------------------
 (2) _isr                                                  0     0      0       0
 ---------------------------------------------------------------------------------
 Estimated maximum stack depth 2
 ---------------------------------------------------------------------------------

 Call Graph Graphs:

 _main (ROOT)
   _init

 _isr (ROOT)

 Address spaces:
Name               Size   Autos  Total    Cost      Usage
BIGRAM             7F0      0       0       0        0.0%
NULL                 0      0       0       0        0.0%
CODE                 0      0       0       0        0.0%
BITCOMMON            E      0       0       1        0.0%
BITSFR0              0      0       0       1        0.0%
SFR0                 0      0       0       1        0.0%
COMMON               E      0       0       2        0.0%
BITSFR1              0      0       0       2        0.0%
SFR1                 0      0       0       2        0.0%
BITSFR2              0      0       0       3        0.0%
SFR2                 0      0       0       3        0.0%
STACK                0      0       0       3        0.0%
BITBANK0            50      0       0       4        0.0%
BITSFR3              0      0       0       4        0.0%
SFR3                 0      0       0       4        0.0%
BANK0               50      0       0       5        0.0%
BITSFR4              0      0       0       5        0.0%
SFR4                 0      0       0       5        0.0%
BITBANK1            50      0       0       6        0.0%
BITSFR5              0      0       0       6        0.0%
SFR5                 0      0       0       6        0.0%
BANK1               50      0       0       7        0.0%
BITSFR6              0      0       0       7        0.0%
SFR6                 0      0       0       7        0.0%
BITBANK2            50      0       0       8        0.0%
BITSFR7              0      0       0       8        0.0%
SFR7                 0      0       0       8        0.0%
BANK2               50      0       0       9        0.0%
BITSFR8              0      0       0       9        0.0%
SFR8                 0      0       0       9        0.0%
BITBANK3            50      0       0      10        0.0%
BITSFR9              0      0       0      10        0.0%
SFR9                 0      0       0      10        0.0%
BANK3               50      0       0      11        0.0%
BITSFR10             0      0       0      11        0.0%
SFR10                0      0       0      11        0.0%
BITBANK4            50      0       0      12        0.0%
BITSFR11             0      0       0      12        0.0%
SFR11                0      0       0      12        0.0%
BANK4               50      0       0      13        0.0%
BITSFR12             0      0       0      13        0.0%
SFR12                0      0       0      13        0.0%
BITSFR13             0      0       0      14        0.0%
SFR13                0      0       0      14        0.0%
ABS                  0      0       0      14        0.0%
BITBANK5            50      0       0      15        0.0%
BITSFR14             0      0       0      15        0.0%
SFR14                0      0       0      15        0.0%
BANK5               50      0       0      16        0.0%
BITSFR15             0      0       0      16        0.0%
SFR15                0      0       0      16        0.0%
BITBANK6            50      0       0      17        0.0%
BITSFR16             0      0       0      17        0.0%
SFR16                0      0       0      17        0.0%
BANK6               50      0       0      18        0.0%
BITSFR17             0      0       0      18        0.0%
SFR17                0      0       0      18        0.0%
BITBANK7            50      0       0      19        0.0%
BITSFR18             0      0       0      19        0.0%
SFR18                0      0       0      19        0.0%
BANK7               50      0       0      20        0.0%
BITSFR19             0      0       0      20        0.0%
SFR19                0      0       0      20        0.0%
BITBANK8            50      0       0      21        0.0%
BITSFR20             0      0       0      21        0.0%
SFR20                0      0       0      21        0.0%
BANK8               50      0       0      22        0.0%
BITSFR21             0      0       0      22        0.0%
SFR21                0      0       0      22        0.0%
BITBANK9            50      0       0      23        0.0%
BITSFR22             0      0       0      23        0.0%
SFR22                0      0       0      23        0.0%
BANK9               50      0       0      24        0.0%
BITSFR23             0      0       0      24        0.0%
SFR23                0      0       0      24        0.0%
BITBANK10           50      0       0      25        0.0%
BITSFR24             0      0       0      25        0.0%
SFR24                0      0       0      25        0.0%
BANK10              50      0       0      26        0.0%
BITSFR25             0      0       0      26        0.0%
SFR25                0      0       0      26        0.0%
BITBANK11           50      0       0      27        0.0%
BITSFR26             0      0       0      27        0.0%
SFR26                0      0       0      27        0.0%
BITSFR27             0      0       0      28        0.0%
SFR27                0      0       0      28        0.0%
DATA                 0      0       0      28        0.0%
BANK11              50      0       0      29        0.0%
BITSFR28             0      0       0      29        0.0%
SFR28                0      0       0      29        0.0%
BITBANK12           50      0       0      30        0.0%
BITSFR29             0      0       0      30        0.0%
SFR29                0      0       0      30        0.0%
BANK12              50      0       0      31        0.0%
BITSFR30             0      0       0      31        0.0%
SFR30                0      0       0      31        0.0%
BITBANK13           50      0       0      32        0.0%
BITSFR31             0      0       0      32        0.0%
SFR31                0      0       0      32        0.0%
BANK13              50      0       0      33        0.0%
BITBANK14           50      0       0      34        0.0%
BANK14              50      0       0      35        0.0%
BITBANK15           50      0       0      36        0.0%
BANK15              50      0       0      37        0.0%
BITBANK16           50      0       0      38        0.0%
BANK16              50      0       0      39        0.0%
BITBANK17           50      0       0      40        0.0%
BANK17              50      0       0      41        0.0%
BITBANK18           50      0       0      42        0.0%
BANK18              50      0       0      43        0.0%
BITBANK19           50      0       0      44        0.0%
BANK19              50      0       0      45        0.0%
BITBANK20           50      0       0      46        0.0%
BANK20              50      0       0      47        0.0%
BITBANK21           50      0       0      48        0.0%
BANK21              50      0       0      49        0.0%
BITBANK22           50      0       0      50        0.0%
BANK22              50      0       0      51        0.0%
BITBANK23           50      0       0      52        0.0%
BANK23              50      0       0      53        0.0%
BITBANK24           50      0       0      54        0.0%
BANK24              50      0       0      55        0.0%
BITBANK25           20      0       0      56        0.0%
BANK25              20      0       0      57        0.0%


Microchip Technology PIC Macro Assembler V2.45 build 20230818022343 
Symbol Table                                                                                   Fri Feb 02 12:12:39 2024

                     l33 002F                       l43 0037                       l44 0037  
                    l600 002D                      l610 0035                      l606 0030  
                    l608 0033                      l580 0022                      l572 0013  
                    l590 0028                      l582 0023                      l574 001D  
                    l592 0029                      l584 0024                      l576 001F  
                    l594 002A                      l586 0025                      l578 0020  
                    l596 002B                      l588 0026                      l598 002C  
                    _isr 0004             _BAUD1CONbits 019F                     ?_isr 0000  
                   i1l38 000B                     _main 0030                     _init 0013  
                   btemp 007E                     start 000D                    ??_isr 0000  
                  ?_main 0000                    ?_init 0000                    i1l602 0006  
                  i1l604 0009                    wtemp0 007E          __initialization 000F  
           __end_of_main 003A             __end_of_init 0030                   ??_main 0000  
                 ??_init 0000                   _RC1REG 0199                   _TX1REG 019A  
__end_of__initialization 000F           __pcstackCOMMON 0000               __pmaintext 0030  
             __pintentry 0004                  __ptext1 0013     end_of_initialization 000F  
              _PORTDbits 000F                _TRISCbits 008E                _TRISDbits 008F  
              _RXPPSbits 0E24      start_initialization 000F              __end_of_isr 000D  
              ___latbits 0003                 _PIE1bits 0091              _SP1BRGHbits 019C  
            _SP1BRGLbits 019B               _ANSELCbits 018E               _RC1STAbits 019D  
               int$flags 007E               _RC6PPSbits 0EA6               _INTCONbits 000B  
               intlevel1 0000               _TX1STAbits 019E  
